Loading Vocab ./cache/bert/vocab.all
Vocab Size:  3813
Loading Train Dataset ./cache/bert/corpus.all
Loading Test Dataset None
Creating Dataloader
Building BERT model
Creating BERT Trainer
Total Parameters: 277505
Training Start
{'epoch': 0, 'iter': 0, 'avg_loss': 9.133258819580078, 'avg_acc': 37.5, 'loss': 9.133258819580078}
{'epoch': 0, 'iter': 10, 'avg_loss': 9.024709874933416, 'avg_acc': 47.86931818181818, 'loss': 8.964851379394531}
{'epoch': 0, 'iter': 20, 'avg_loss': 9.169221151442756, 'avg_acc': 48.139880952380956, 'loss': 9.26257038116455}
{'epoch': 0, 'iter': 30, 'avg_loss': 9.17606230705015, 'avg_acc': 48.63911290322581, 'loss': 8.768312454223633}
{'epoch': 0, 'iter': 40, 'avg_loss': 9.17719215300025, 'avg_acc': 49.047256097560975, 'loss': 9.303759574890137}
{'epoch': 0, 'iter': 50, 'avg_loss': 9.180329547208899, 'avg_acc': 48.83578431372549, 'loss': 9.262297630310059}
{'epoch': 0, 'iter': 60, 'avg_loss': 9.187047630059915, 'avg_acc': 49.46209016393443, 'loss': 8.941423416137695}
{'epoch': 0, 'iter': 70, 'avg_loss': 9.176977077000577, 'avg_acc': 49.18573943661972, 'loss': 9.063843727111816}
{'epoch': 0, 'iter': 80, 'avg_loss': 9.174967330179097, 'avg_acc': 49.2091049382716, 'loss': 9.602819442749023}
{'epoch': 0, 'iter': 90, 'avg_loss': 9.152805936205517, 'avg_acc': 49.21016483516483, 'loss': 9.168794631958008}
{'epoch': 0, 'iter': 100, 'avg_loss': 9.159714878195583, 'avg_acc': 49.551361386138616, 'loss': 8.724042892456055}
{'epoch': 0, 'iter': 110, 'avg_loss': 9.154248271976506, 'avg_acc': 49.53547297297297, 'loss': 9.348539352416992}
{'epoch': 0, 'iter': 120, 'avg_loss': 9.154719124155596, 'avg_acc': 49.78047520661157, 'loss': 8.761541366577148}
{'epoch': 0, 'iter': 130, 'avg_loss': 9.160019597934403, 'avg_acc': 49.833015267175576, 'loss': 9.281625747680664}
{'epoch': 0, 'iter': 140, 'avg_loss': 9.151557949417871, 'avg_acc': 49.86702127659575, 'loss': 8.807283401489258}
{'epoch': 0, 'iter': 150, 'avg_loss': 9.14357017997085, 'avg_acc': 49.87582781456953, 'loss': 9.45985221862793}
{'epoch': 0, 'iter': 160, 'avg_loss': 9.118992100591244, 'avg_acc': 49.9514751552795, 'loss': 8.62047004699707}
{'epoch': 0, 'iter': 170, 'avg_loss': 9.116274677522002, 'avg_acc': 49.95431286549707, 'loss': 8.898173332214355}
{'epoch': 0, 'iter': 180, 'avg_loss': 9.119576743953136, 'avg_acc': 49.982734806629836, 'loss': 9.643706321716309}
{'epoch': 0, 'iter': 190, 'avg_loss': 9.110034997550605, 'avg_acc': 49.93455497382199, 'loss': 8.720459938049316}
{'epoch': 0, 'iter': 200, 'avg_loss': 9.105619591860036, 'avg_acc': 50.01554726368159, 'loss': 9.166080474853516}
{'epoch': 0, 'iter': 210, 'avg_loss': 9.098689983241366, 'avg_acc': 49.96297393364929, 'loss': 8.919927597045898}
{'epoch': 0, 'iter': 220, 'avg_loss': 9.097634807431321, 'avg_acc': 50.02828054298642, 'loss': 8.389949798583984}
{'epoch': 0, 'iter': 230, 'avg_loss': 9.08627479520195, 'avg_acc': 50.11498917748918, 'loss': 8.579046249389648}
{'epoch': 0, 'iter': 240, 'avg_loss': 9.081641363405094, 'avg_acc': 50.07780082987552, 'loss': 9.417256355285645}
{'epoch': 0, 'iter': 250, 'avg_loss': 9.071957819965256, 'avg_acc': 49.85059760956175, 'loss': 9.144400596618652}
{'epoch': 0, 'iter': 260, 'avg_loss': 9.070404147736415, 'avg_acc': 49.74856321839081, 'loss': 9.047416687011719}
{'epoch': 0, 'iter': 270, 'avg_loss': 9.070757647721969, 'avg_acc': 49.723247232472325, 'loss': 8.615213394165039}
{'epoch': 0, 'iter': 280, 'avg_loss': 9.059467461609756, 'avg_acc': 49.67749110320285, 'loss': 8.921058654785156}
{'epoch': 0, 'iter': 290, 'avg_loss': 9.047684934950366, 'avg_acc': 49.58118556701031, 'loss': 8.484687805175781}
{'epoch': 0, 'iter': 300, 'avg_loss': 9.038723650960828, 'avg_acc': 49.62624584717608, 'loss': 8.784109115600586}
{'epoch': 0, 'iter': 310, 'avg_loss': 9.02699133514208, 'avg_acc': 49.54782958199357, 'loss': 8.568975448608398}
{'epoch': 0, 'iter': 320, 'avg_loss': 9.01536773372662, 'avg_acc': 49.60085669781931, 'loss': 8.57137393951416}
{'epoch': 0, 'iter': 330, 'avg_loss': 9.00018808992968, 'avg_acc': 49.603474320241695, 'loss': 8.522812843322754}
{'epoch': 0, 'iter': 340, 'avg_loss': 8.98712819342739, 'avg_acc': 49.67008797653959, 'loss': 9.028425216674805}
{'epoch': 0, 'iter': 350, 'avg_loss': 8.978032468051312, 'avg_acc': 49.67058404558404, 'loss': 8.637103080749512}
{'epoch': 0, 'iter': 360, 'avg_loss': 8.967580949830877, 'avg_acc': 49.68403739612188, 'loss': 9.098094940185547}
{'epoch': 0, 'iter': 370, 'avg_loss': 8.954034451847129, 'avg_acc': 49.764150943396224, 'loss': 8.4879732131958}
{'epoch': 0, 'iter': 380, 'avg_loss': 8.942987676054786, 'avg_acc': 49.78264435695538, 'loss': 8.263978958129883}
{'epoch': 0, 'iter': 390, 'avg_loss': 8.932146822400105, 'avg_acc': 49.80019181585678, 'loss': 8.676494598388672}
{'epoch': 0, 'iter': 400, 'avg_loss': 8.923159395964664, 'avg_acc': 49.774002493765586, 'loss': 9.006653785705566}
{'epoch': 0, 'iter': 410, 'avg_loss': 8.910966312798271, 'avg_acc': 49.779501216545015, 'loss': 8.692048072814941}
{'epoch': 0, 'iter': 420, 'avg_loss': 8.901925717849913, 'avg_acc': 49.79958432304038, 'loss': 8.515154838562012}
{'epoch': 0, 'iter': 430, 'avg_loss': 8.89220875543121, 'avg_acc': 49.81873549883991, 'loss': 8.054117202758789}
{'epoch': 0, 'iter': 440, 'avg_loss': 8.878703114126814, 'avg_acc': 49.83701814058957, 'loss': 7.740981101989746}
{'epoch': 0, 'iter': 450, 'avg_loss': 8.869718501943177, 'avg_acc': 49.78173503325942, 'loss': 8.967228889465332}
{'epoch': 0, 'iter': 460, 'avg_loss': 8.862950588772458, 'avg_acc': 49.84069956616052, 'loss': 8.676200866699219}
{'epoch': 0, 'iter': 470, 'avg_loss': 8.851619114035508, 'avg_acc': 49.92038216560509, 'loss': 8.436511993408203}
{'epoch': 0, 'iter': 480, 'avg_loss': 8.842656057242792, 'avg_acc': 49.90904365904366, 'loss': 8.10771369934082}
{'epoch': 0, 'iter': 490, 'avg_loss': 8.829841361269203, 'avg_acc': 49.91726069246436, 'loss': 8.137492179870605}
{'epoch': 0, 'iter': 500, 'avg_loss': 8.81970981399932, 'avg_acc': 49.90331836327345, 'loss': 8.055194854736328}
{'epoch': 0, 'iter': 510, 'avg_loss': 8.808567082578655, 'avg_acc': 49.86545988258317, 'loss': 8.298707962036133}
{'epoch': 0, 'iter': 520, 'avg_loss': 8.795837956975838, 'avg_acc': 49.85304702495201, 'loss': 8.024245262145996}
{'epoch': 0, 'iter': 530, 'avg_loss': 8.784211150670457, 'avg_acc': 49.8911252354049, 'loss': 8.379462242126465}
{'epoch': 0, 'iter': 540, 'avg_loss': 8.774701265662964, 'avg_acc': 49.80360443622921, 'loss': 8.06246566772461}
{'epoch': 0, 'iter': 550, 'avg_loss': 8.762975241873962, 'avg_acc': 49.81000453720508, 'loss': 7.9549174308776855}
{'epoch': 0, 'iter': 560, 'avg_loss': 8.749812611496598, 'avg_acc': 49.83010249554367, 'loss': 8.3341064453125}
{'epoch': 0, 'iter': 570, 'avg_loss': 8.736570977914145, 'avg_acc': 49.85223292469352, 'loss': 7.5381574630737305}
{'epoch': 0, 'iter': 580, 'avg_loss': 8.721845859094248, 'avg_acc': 49.81174698795181, 'loss': 7.941614627838135}
{'epoch': 0, 'iter': 590, 'avg_loss': 8.710025300027553, 'avg_acc': 49.809644670050766, 'loss': 8.457053184509277}
{'epoch': 0, 'iter': 600, 'avg_loss': 8.699905771582376, 'avg_acc': 49.82581114808652, 'loss': 8.170254707336426}
{'epoch': 0, 'iter': 610, 'avg_loss': 8.68632333914699, 'avg_acc': 49.803089198036005, 'loss': 7.737351894378662}
{'epoch': 0, 'iter': 620, 'avg_loss': 8.673533316011783, 'avg_acc': 49.81380837359099, 'loss': 7.832655429840088}
{'epoch': 0, 'iter': 630, 'avg_loss': 8.660347631729538, 'avg_acc': 49.8489500792393, 'loss': 7.738210678100586}
{'epoch': 0, 'iter': 640, 'avg_loss': 8.649168484668463, 'avg_acc': 49.82449297971919, 'loss': 7.354260444641113}
{'epoch': 0, 'iter': 650, 'avg_loss': 8.636284248070783, 'avg_acc': 49.85359062980031, 'loss': 8.497071266174316}
{'epoch': 0, 'iter': 660, 'avg_loss': 8.619938381500937, 'avg_acc': 49.85816944024206, 'loss': 8.031344413757324}
{'epoch': 0, 'iter': 670, 'avg_loss': 8.605772964289931, 'avg_acc': 49.83233979135618, 'loss': 7.959461688995361}
{'epoch': 0, 'iter': 680, 'avg_loss': 8.597540200719399, 'avg_acc': 49.81185756240822, 'loss': 9.04335880279541}
{'epoch': 0, 'iter': 690, 'avg_loss': 8.58771197392178, 'avg_acc': 49.839453690303905, 'loss': 7.002288341522217}
{'epoch': 0, 'iter': 700, 'avg_loss': 8.577232068343442, 'avg_acc': 49.881865192582026, 'loss': 7.68997859954834}
{'epoch': 0, 'iter': 710, 'avg_loss': 8.56355356465915, 'avg_acc': 49.90110759493671, 'loss': 7.564696788787842}
{'epoch': 0, 'iter': 720, 'avg_loss': 8.55168968893784, 'avg_acc': 49.95232316227462, 'loss': 7.374176025390625}
{'epoch': 0, 'iter': 730, 'avg_loss': 8.539210403014469, 'avg_acc': 49.98076265389877, 'loss': 8.306380271911621}
{'epoch': 0, 'iter': 740, 'avg_loss': 8.527347708198867, 'avg_acc': 50.037955465587046, 'loss': 7.561042308807373}
{'epoch': 0, 'iter': 750, 'avg_loss': 8.519460990489243, 'avg_acc': 50.0145639147803, 'loss': 7.9980573654174805}
{'epoch': 0, 'iter': 760, 'avg_loss': 8.507408346985706, 'avg_acc': 50.05543692509855, 'loss': 7.253576755523682}
EP0_train, avg_loss= 8.50295418844173 total_acc= 50.062381117951446
EP:0 Model Saved on: ./cache/bert/bert.model.all.rpt.ep0
{'epoch': 1, 'iter': 0, 'avg_loss': 8.310091018676758, 'avg_acc': 57.8125, 'loss': 8.310091018676758}
{'epoch': 1, 'iter': 10, 'avg_loss': 8.185861717570912, 'avg_acc': 48.721590909090914, 'loss': 8.44017219543457}
{'epoch': 1, 'iter': 20, 'avg_loss': 8.135919752575102, 'avg_acc': 49.62797619047619, 'loss': 8.100384712219238}
{'epoch': 1, 'iter': 30, 'avg_loss': 8.15029078145181, 'avg_acc': 50.90725806451613, 'loss': 8.080814361572266}
{'epoch': 1, 'iter': 40, 'avg_loss': 8.086619970275134, 'avg_acc': 50.8765243902439, 'loss': 8.105300903320312}
{'epoch': 1, 'iter': 50, 'avg_loss': 8.084763545616001, 'avg_acc': 50.122549019607845, 'loss': 8.330842971801758}
{'epoch': 1, 'iter': 60, 'avg_loss': 8.093460083007812, 'avg_acc': 51.408811475409834, 'loss': 8.358377456665039}
{'epoch': 1, 'iter': 70, 'avg_loss': 8.06476627940863, 'avg_acc': 51.232394366197184, 'loss': 7.385906219482422}
{'epoch': 1, 'iter': 80, 'avg_loss': 8.076628296463578, 'avg_acc': 51.27314814814815, 'loss': 8.26900863647461}
{'epoch': 1, 'iter': 90, 'avg_loss': 8.054889306917296, 'avg_acc': 51.15041208791209, 'loss': 7.501341819763184}
{'epoch': 1, 'iter': 100, 'avg_loss': 8.054505121589887, 'avg_acc': 51.206683168316836, 'loss': 8.133116722106934}
{'epoch': 1, 'iter': 110, 'avg_loss': 8.045978821075714, 'avg_acc': 50.8445945945946, 'loss': 7.819952964782715}
{'epoch': 1, 'iter': 120, 'avg_loss': 8.021507700612723, 'avg_acc': 50.64566115702479, 'loss': 7.48209810256958}
{'epoch': 1, 'iter': 130, 'avg_loss': 7.998421315928452, 'avg_acc': 50.51288167938931, 'loss': 7.531101226806641}
{'epoch': 1, 'iter': 140, 'avg_loss': 7.969243773331879, 'avg_acc': 50.60948581560284, 'loss': 7.674272537231445}
{'epoch': 1, 'iter': 150, 'avg_loss': 7.945622693623928, 'avg_acc': 50.51738410596026, 'loss': 7.42274284362793}
{'epoch': 1, 'iter': 160, 'avg_loss': 7.914711090348522, 'avg_acc': 50.37849378881988, 'loss': 6.694701194763184}
{'epoch': 1, 'iter': 170, 'avg_loss': 7.882771249403033, 'avg_acc': 50.46600877192983, 'loss': 6.5792999267578125}
{'epoch': 1, 'iter': 180, 'avg_loss': 7.852359500379194, 'avg_acc': 50.32803867403315, 'loss': 6.95294713973999}
{'epoch': 1, 'iter': 190, 'avg_loss': 7.8298280476275535, 'avg_acc': 50.31904450261781, 'loss': 7.630998611450195}
{'epoch': 1, 'iter': 200, 'avg_loss': 7.806712356965933, 'avg_acc': 50.287624378109456, 'loss': 7.976441860198975}
{'epoch': 1, 'iter': 210, 'avg_loss': 7.7797645934950115, 'avg_acc': 50.06664691943128, 'loss': 7.20220947265625}
{'epoch': 1, 'iter': 220, 'avg_loss': 7.758612393254069, 'avg_acc': 50.01414027149321, 'loss': 6.455143928527832}
{'epoch': 1, 'iter': 230, 'avg_loss': 7.742805745178487, 'avg_acc': 49.9797077922078, 'loss': 7.942223072052002}
{'epoch': 1, 'iter': 240, 'avg_loss': 7.710088706115469, 'avg_acc': 49.81198132780083, 'loss': 7.135627269744873}
{'epoch': 1, 'iter': 250, 'avg_loss': 7.677446773802616, 'avg_acc': 49.86304780876494, 'loss': 6.219007968902588}
{'epoch': 1, 'iter': 260, 'avg_loss': 7.658576530515006, 'avg_acc': 49.838362068965516, 'loss': 7.142284870147705}
{'epoch': 1, 'iter': 270, 'avg_loss': 7.620449280826808, 'avg_acc': 49.809732472324725, 'loss': 6.8777971267700195}
{'epoch': 1, 'iter': 280, 'avg_loss': 7.5853696717910495, 'avg_acc': 49.694172597864764, 'loss': 6.123342990875244}
{'epoch': 1, 'iter': 290, 'avg_loss': 7.5615405151524495, 'avg_acc': 49.704682130584196, 'loss': 6.345557689666748}
{'epoch': 1, 'iter': 300, 'avg_loss': 7.544945655075023, 'avg_acc': 49.75083056478405, 'loss': 6.8365254402160645}
{'epoch': 1, 'iter': 310, 'avg_loss': 7.514956511101922, 'avg_acc': 49.819131832797424, 'loss': 5.972754955291748}
{'epoch': 1, 'iter': 320, 'avg_loss': 7.485515289960249, 'avg_acc': 49.77609034267913, 'loss': 6.443454265594482}
{'epoch': 1, 'iter': 330, 'avg_loss': 7.463232056251826, 'avg_acc': 49.74037009063444, 'loss': 5.824118137359619}
{'epoch': 1, 'iter': 340, 'avg_loss': 7.438006655561609, 'avg_acc': 49.79380498533724, 'loss': 7.32255220413208}
{'epoch': 1, 'iter': 350, 'avg_loss': 7.418181753566122, 'avg_acc': 49.85309829059829, 'loss': 6.13275146484375}
{'epoch': 1, 'iter': 360, 'avg_loss': 7.398466930495075, 'avg_acc': 49.900450138504155, 'loss': 6.580783843994141}
{'epoch': 1, 'iter': 370, 'avg_loss': 7.37581253822923, 'avg_acc': 49.99578840970351, 'loss': 5.967827796936035}
{'epoch': 1, 'iter': 380, 'avg_loss': 7.352675724530157, 'avg_acc': 50.02460629921261, 'loss': 5.506921291351318}
{'epoch': 1, 'iter': 390, 'avg_loss': 7.326839860442959, 'avg_acc': 49.96403452685422, 'loss': 5.848955154418945}
{'epoch': 1, 'iter': 400, 'avg_loss': 7.307201638780628, 'avg_acc': 49.95324189526185, 'loss': 7.103734493255615}
{'epoch': 1, 'iter': 410, 'avg_loss': 7.285365540905881, 'avg_acc': 49.973388077858885, 'loss': 6.287216663360596}
{'epoch': 1, 'iter': 420, 'avg_loss': 7.255701753702413, 'avg_acc': 50.02226840855107, 'loss': 5.922168731689453}
{'epoch': 1, 'iter': 430, 'avg_loss': 7.230753398550082, 'avg_acc': 50.07250580046404, 'loss': 6.779130458831787}
{'epoch': 1, 'iter': 440, 'avg_loss': 7.211767429126904, 'avg_acc': 50.00708616780045, 'loss': 5.798433780670166}
{'epoch': 1, 'iter': 450, 'avg_loss': 7.197758991808162, 'avg_acc': 50.0, 'loss': 7.355439186096191}
{'epoch': 1, 'iter': 460, 'avg_loss': 7.180223487721607, 'avg_acc': 49.96949566160521, 'loss': 5.334216117858887}
{'epoch': 1, 'iter': 470, 'avg_loss': 7.162544605838265, 'avg_acc': 49.943604033970274, 'loss': 6.027834415435791}
{'epoch': 1, 'iter': 480, 'avg_loss': 7.147229565404309, 'avg_acc': 49.92528586278586, 'loss': 5.439324378967285}
{'epoch': 1, 'iter': 490, 'avg_loss': 7.127881542485503, 'avg_acc': 49.85043279022403, 'loss': 6.3976898193359375}
{'epoch': 1, 'iter': 500, 'avg_loss': 7.115197068440938, 'avg_acc': 49.897080838323355, 'loss': 7.2491583824157715}
{'epoch': 1, 'iter': 510, 'avg_loss': 7.101532215708156, 'avg_acc': 49.93884540117417, 'loss': 6.638384819030762}
{'epoch': 1, 'iter': 520, 'avg_loss': 7.094686487128318, 'avg_acc': 49.96701055662188, 'loss': 6.669416427612305}
{'epoch': 1, 'iter': 530, 'avg_loss': 7.077388851431579, 'avg_acc': 49.920550847457626, 'loss': 6.186014652252197}
{'epoch': 1, 'iter': 540, 'avg_loss': 7.069633290860216, 'avg_acc': 49.97689463955638, 'loss': 6.104589939117432}
{'epoch': 1, 'iter': 550, 'avg_loss': 7.054447817066836, 'avg_acc': 49.954627949183305, 'loss': 5.330965518951416}
{'epoch': 1, 'iter': 560, 'avg_loss': 7.0390686580841555, 'avg_acc': 50.025066844919785, 'loss': 5.664517402648926}
{'epoch': 1, 'iter': 570, 'avg_loss': 7.023771404593713, 'avg_acc': 50.071147110332745, 'loss': 6.17410135269165}
{'epoch': 1, 'iter': 580, 'avg_loss': 7.012511012886559, 'avg_acc': 50.08067986230637, 'loss': 7.6146159172058105}
{'epoch': 1, 'iter': 590, 'avg_loss': 6.9984656316173055, 'avg_acc': 50.03172588832487, 'loss': 6.181625843048096}
{'epoch': 1, 'iter': 600, 'avg_loss': 6.992829282351223, 'avg_acc': 50.044197171381036, 'loss': 6.399968147277832}
{'epoch': 1, 'iter': 610, 'avg_loss': 6.9794937647306, 'avg_acc': 50.0, 'loss': 5.367082595825195}
{'epoch': 1, 'iter': 620, 'avg_loss': 6.9737024276536825, 'avg_acc': 50.01258051529791, 'loss': 6.957845211029053}
{'epoch': 1, 'iter': 630, 'avg_loss': 6.964177173971185, 'avg_acc': 50.03714342313788, 'loss': 5.2290520668029785}
{'epoch': 1, 'iter': 640, 'avg_loss': 6.946362682140189, 'avg_acc': 50.0755655226209, 'loss': 6.33146333694458}
{'epoch': 1, 'iter': 650, 'avg_loss': 6.934520008010981, 'avg_acc': 50.088805683563756, 'loss': 5.915555953979492}
{'epoch': 1, 'iter': 660, 'avg_loss': 6.923551968474972, 'avg_acc': 50.056732223903175, 'loss': 6.440091609954834}
{'epoch': 1, 'iter': 670, 'avg_loss': 6.911399722632281, 'avg_acc': 50.04191505216096, 'loss': 6.3747711181640625}
{'epoch': 1, 'iter': 680, 'avg_loss': 6.906973642049557, 'avg_acc': 50.03900513950074, 'loss': 7.0759735107421875}
{'epoch': 1, 'iter': 690, 'avg_loss': 6.901641466855658, 'avg_acc': 50.0203509406657, 'loss': 6.708476543426514}
{'epoch': 1, 'iter': 700, 'avg_loss': 6.894018962277835, 'avg_acc': 50.01114479315264, 'loss': 6.54904317855835}
{'epoch': 1, 'iter': 710, 'avg_loss': 6.884706249049277, 'avg_acc': 50.01318565400844, 'loss': 5.879450798034668}
{'epoch': 1, 'iter': 720, 'avg_loss': 6.883126102108896, 'avg_acc': 50.02167128987517, 'loss': 6.35356330871582}
{'epoch': 1, 'iter': 730, 'avg_loss': 6.873596520169489, 'avg_acc': 50.029924760601915, 'loss': 5.1498003005981445}
{'epoch': 1, 'iter': 740, 'avg_loss': 6.865955209281602, 'avg_acc': 50.023195006747635, 'loss': 5.173277854919434}
{'epoch': 1, 'iter': 750, 'avg_loss': 6.864598742813944, 'avg_acc': 50.043691744340876, 'loss': 7.042776584625244}
{'epoch': 1, 'iter': 760, 'avg_loss': 6.858106309888241, 'avg_acc': 50.06980946123522, 'loss': 6.766465187072754}
EP1_train, avg_loss= 6.859833932671871 total_acc= 50.07056224817458
EP:1 Model Saved on: ./cache/bert/bert.model.all.rpt.ep1
{'epoch': 2, 'iter': 0, 'avg_loss': 7.673915386199951, 'avg_acc': 51.5625, 'loss': 7.673915386199951}
{'epoch': 2, 'iter': 10, 'avg_loss': 7.341799432581121, 'avg_acc': 51.84659090909091, 'loss': 7.140842437744141}
{'epoch': 2, 'iter': 20, 'avg_loss': 7.373402413867769, 'avg_acc': 49.702380952380956, 'loss': 7.759002208709717}
{'epoch': 2, 'iter': 30, 'avg_loss': 7.309590478097239, 'avg_acc': 49.29435483870967, 'loss': 7.404204368591309}
{'epoch': 2, 'iter': 40, 'avg_loss': 7.232483270691662, 'avg_acc': 50.19054878048781, 'loss': 7.177590847015381}
{'epoch': 2, 'iter': 50, 'avg_loss': 7.288321812947591, 'avg_acc': 50.58210784313726, 'loss': 7.6255412101745605}
{'epoch': 2, 'iter': 60, 'avg_loss': 7.359323446867896, 'avg_acc': 50.435450819672134, 'loss': 8.036187171936035}
{'epoch': 2, 'iter': 70, 'avg_loss': 7.405938450719269, 'avg_acc': 50.440140845070424, 'loss': 7.6164069175720215}
{'epoch': 2, 'iter': 80, 'avg_loss': 7.411943883071711, 'avg_acc': 50.44367283950617, 'loss': 6.98202657699585}
{'epoch': 2, 'iter': 90, 'avg_loss': 7.422231716114086, 'avg_acc': 50.15453296703297, 'loss': 7.222715377807617}
{'epoch': 2, 'iter': 100, 'avg_loss': 7.434032723455146, 'avg_acc': 50.309405940594054, 'loss': 7.46561336517334}
{'epoch': 2, 'iter': 110, 'avg_loss': 7.428570236171688, 'avg_acc': 50.40822072072072, 'loss': 6.6859354972839355}
{'epoch': 2, 'iter': 120, 'avg_loss': 7.374916864820748, 'avg_acc': 50.38739669421488, 'loss': 7.074814796447754}
{'epoch': 2, 'iter': 130, 'avg_loss': 7.313351398205939, 'avg_acc': 50.274332061068705, 'loss': 6.2420148849487305}
{'epoch': 2, 'iter': 140, 'avg_loss': 7.254662997333716, 'avg_acc': 50.15514184397163, 'loss': 5.87920618057251}
{'epoch': 2, 'iter': 150, 'avg_loss': 7.198183836526429, 'avg_acc': 50.12417218543046, 'loss': 6.347590446472168}
{'epoch': 2, 'iter': 160, 'avg_loss': 7.1484940540716515, 'avg_acc': 50.16498447204969, 'loss': 6.615586280822754}
{'epoch': 2, 'iter': 170, 'avg_loss': 7.125214016228392, 'avg_acc': 50.264985380116954, 'loss': 6.573182582855225}
{'epoch': 2, 'iter': 180, 'avg_loss': 7.088187454813752, 'avg_acc': 50.18128453038674, 'loss': 7.460103988647461}
{'epoch': 2, 'iter': 190, 'avg_loss': 7.054793095713511, 'avg_acc': 50.245418848167546, 'loss': 6.232279300689697}
{'epoch': 2, 'iter': 200, 'avg_loss': 7.034006949087874, 'avg_acc': 50.18656716417911, 'loss': 6.644338130950928}
{'epoch': 2, 'iter': 210, 'avg_loss': 7.013410233773326, 'avg_acc': 50.192535545023695, 'loss': 6.8567047119140625}
{'epoch': 2, 'iter': 220, 'avg_loss': 6.9943599312553575, 'avg_acc': 50.084841628959275, 'loss': 5.912353515625}
{'epoch': 2, 'iter': 230, 'avg_loss': 6.977430913355444, 'avg_acc': 49.95941558441558, 'loss': 7.3024773597717285}
{'epoch': 2, 'iter': 240, 'avg_loss': 6.949865386693804, 'avg_acc': 49.96109958506224, 'loss': 6.831017017364502}
{'epoch': 2, 'iter': 250, 'avg_loss': 6.907593179983921, 'avg_acc': 49.86927290836653, 'loss': 5.964620590209961}
{'epoch': 2, 'iter': 260, 'avg_loss': 6.86177917275849, 'avg_acc': 49.78448275862069, 'loss': 5.442872524261475}
{'epoch': 2, 'iter': 270, 'avg_loss': 6.817186427732236, 'avg_acc': 49.83279520295203, 'loss': 4.104415416717529}
{'epoch': 2, 'iter': 280, 'avg_loss': 6.783568047968094, 'avg_acc': 49.87766903914591, 'loss': 5.356167793273926}
{'epoch': 2, 'iter': 290, 'avg_loss': 6.760866909092644, 'avg_acc': 49.93556701030928, 'loss': 5.508591175079346}
{'epoch': 2, 'iter': 300, 'avg_loss': 6.7310728107972, 'avg_acc': 49.81831395348838, 'loss': 5.187826156616211}
{'epoch': 2, 'iter': 310, 'avg_loss': 6.698495549021043, 'avg_acc': 49.89449356913183, 'loss': 5.749217987060547}
{'epoch': 2, 'iter': 320, 'avg_loss': 6.674990334614787, 'avg_acc': 49.853971962616825, 'loss': 5.862152576446533}
{'epoch': 2, 'iter': 330, 'avg_loss': 6.653756346227179, 'avg_acc': 49.844222054380666, 'loss': 5.765656471252441}
{'epoch': 2, 'iter': 340, 'avg_loss': 6.631926578510542, 'avg_acc': 49.9266862170088, 'loss': 5.706651210784912}
{'epoch': 2, 'iter': 350, 'avg_loss': 6.604332664413669, 'avg_acc': 50.035612535612536, 'loss': 5.153733730316162}
{'epoch': 2, 'iter': 360, 'avg_loss': 6.598425006602279, 'avg_acc': 49.987015235457065, 'loss': 7.07745885848999}
{'epoch': 2, 'iter': 370, 'avg_loss': 6.588667302761438, 'avg_acc': 49.962095687331534, 'loss': 6.73546028137207}
{'epoch': 2, 'iter': 380, 'avg_loss': 6.566147819278747, 'avg_acc': 49.95898950131233, 'loss': 5.019531726837158}
{'epoch': 2, 'iter': 390, 'avg_loss': 6.5445654459316716, 'avg_acc': 49.96403452685422, 'loss': 5.384398937225342}
{'epoch': 2, 'iter': 400, 'avg_loss': 6.52662979397096, 'avg_acc': 49.94544887780549, 'loss': 6.00393009185791}
{'epoch': 2, 'iter': 410, 'avg_loss': 6.5085132835555255, 'avg_acc': 49.91256082725061, 'loss': 6.224661350250244}
{'epoch': 2, 'iter': 420, 'avg_loss': 6.484684833155109, 'avg_acc': 49.92948337292161, 'loss': 4.784787178039551}
{'epoch': 2, 'iter': 430, 'avg_loss': 6.471200382073351, 'avg_acc': 49.931119489559165, 'loss': 5.1114115715026855}
{'epoch': 2, 'iter': 440, 'avg_loss': 6.456086681002662, 'avg_acc': 49.93622448979592, 'loss': 4.71536111831665}
{'epoch': 2, 'iter': 450, 'avg_loss': 6.449625516413585, 'avg_acc': 49.89259977827051, 'loss': 6.580244541168213}
{'epoch': 2, 'iter': 460, 'avg_loss': 6.439272138922437, 'avg_acc': 49.850867678958785, 'loss': 6.176172256469727}
{'epoch': 2, 'iter': 470, 'avg_loss': 6.429502513504838, 'avg_acc': 49.82417728237792, 'loss': 5.543890953063965}
{'epoch': 2, 'iter': 480, 'avg_loss': 6.418624640006781, 'avg_acc': 49.84732328482329, 'loss': 6.354769229888916}
{'epoch': 2, 'iter': 490, 'avg_loss': 6.408060321497092, 'avg_acc': 49.84088594704684, 'loss': 5.809628963470459}
{'epoch': 2, 'iter': 500, 'avg_loss': 6.392519810956395, 'avg_acc': 49.875249500998, 'loss': 5.886793613433838}
{'epoch': 2, 'iter': 510, 'avg_loss': 6.385846547651197, 'avg_acc': 49.88686399217221, 'loss': 6.409611225128174}
{'epoch': 2, 'iter': 520, 'avg_loss': 6.389554615899377, 'avg_acc': 49.90403071017274, 'loss': 7.34037971496582}
{'epoch': 2, 'iter': 530, 'avg_loss': 6.379680546439076, 'avg_acc': 49.91760828625235, 'loss': 4.86418342590332}
{'epoch': 2, 'iter': 540, 'avg_loss': 6.374936745479675, 'avg_acc': 49.95956561922366, 'loss': 5.936800479888916}
{'epoch': 2, 'iter': 550, 'avg_loss': 6.363376113766983, 'avg_acc': 49.95746370235935, 'loss': 5.5802388191223145}
{'epoch': 2, 'iter': 560, 'avg_loss': 6.354976141516538, 'avg_acc': 49.944295900178254, 'loss': 5.817795276641846}
{'epoch': 2, 'iter': 570, 'avg_loss': 6.349437420505985, 'avg_acc': 49.98905429071804, 'loss': 5.383790493011475}
{'epoch': 2, 'iter': 580, 'avg_loss': 6.345225999769779, 'avg_acc': 50.005378657487086, 'loss': 5.775330543518066}
{'epoch': 2, 'iter': 590, 'avg_loss': 6.340830936044606, 'avg_acc': 50.015862944162436, 'loss': 6.2381157875061035}
{'epoch': 2, 'iter': 600, 'avg_loss': 6.3424689599162525, 'avg_acc': 50.06499584026622, 'loss': 5.989947319030762}
{'epoch': 2, 'iter': 610, 'avg_loss': 6.3379720595776545, 'avg_acc': 50.03580196399346, 'loss': 6.618037223815918}
{'epoch': 2, 'iter': 620, 'avg_loss': 6.338321239668006, 'avg_acc': 49.94967793880837, 'loss': 6.679646015167236}
{'epoch': 2, 'iter': 630, 'avg_loss': 6.327694094124384, 'avg_acc': 49.96038034865293, 'loss': 6.0117268562316895}
{'epoch': 2, 'iter': 640, 'avg_loss': 6.318311641443167, 'avg_acc': 49.9366224648986, 'loss': 5.945038795471191}
{'epoch': 2, 'iter': 650, 'avg_loss': 6.311091649367513, 'avg_acc': 49.91119431643625, 'loss': 5.406853199005127}
{'epoch': 2, 'iter': 660, 'avg_loss': 6.300381152604603, 'avg_acc': 49.93144856278366, 'loss': 5.052772045135498}
{'epoch': 2, 'iter': 670, 'avg_loss': 6.295055849186177, 'avg_acc': 49.981371087928466, 'loss': 6.105951309204102}
{'epoch': 2, 'iter': 680, 'avg_loss': 6.2955921715051595, 'avg_acc': 50.002294419970625, 'loss': 6.487318515777588}
{'epoch': 2, 'iter': 690, 'avg_loss': 6.300159427433042, 'avg_acc': 50.045224312590456, 'loss': 7.022829532623291}
{'epoch': 2, 'iter': 700, 'avg_loss': 6.296999876917514, 'avg_acc': 50.040121255349504, 'loss': 5.96444034576416}
{'epoch': 2, 'iter': 710, 'avg_loss': 6.291545055083585, 'avg_acc': 49.97143108298172, 'loss': 6.178661823272705}
{'epoch': 2, 'iter': 720, 'avg_loss': 6.298262445341367, 'avg_acc': 49.997832871012484, 'loss': 6.083709716796875}
{'epoch': 2, 'iter': 730, 'avg_loss': 6.292203354607202, 'avg_acc': 49.99572503419973, 'loss': 5.513537883758545}
{'epoch': 2, 'iter': 740, 'avg_loss': 6.291150378794805, 'avg_acc': 49.98734817813765, 'loss': 5.222834587097168}
{'epoch': 2, 'iter': 750, 'avg_loss': 6.290930950530519, 'avg_acc': 49.98543608521971, 'loss': 5.941600799560547}
{'epoch': 2, 'iter': 760, 'avg_loss': 6.2901035075745355, 'avg_acc': 49.94866951379763, 'loss': 6.498312473297119}
EP2_train, avg_loss= 6.289183422533005 total_acc= 49.933528316936986
EP:2 Model Saved on: ./cache/bert/bert.model.all.rpt.ep2
{'epoch': 3, 'iter': 0, 'avg_loss': 5.978053569793701, 'avg_acc': 51.5625, 'loss': 5.978053569793701}
{'epoch': 3, 'iter': 10, 'avg_loss': 7.208964911374179, 'avg_acc': 50.14204545454546, 'loss': 7.153994083404541}
{'epoch': 3, 'iter': 20, 'avg_loss': 7.156758104051862, 'avg_acc': 48.51190476190476, 'loss': 7.51763391494751}
{'epoch': 3, 'iter': 30, 'avg_loss': 7.169794205696352, 'avg_acc': 48.48790322580645, 'loss': 7.410114288330078}
{'epoch': 3, 'iter': 40, 'avg_loss': 7.09857930206671, 'avg_acc': 47.86585365853659, 'loss': 7.131775379180908}
{'epoch': 3, 'iter': 50, 'avg_loss': 7.136599091922536, 'avg_acc': 48.03921568627451, 'loss': 6.857950687408447}
{'epoch': 3, 'iter': 60, 'avg_loss': 7.190029972889384, 'avg_acc': 48.15573770491803, 'loss': 7.5695977210998535}
{'epoch': 3, 'iter': 70, 'avg_loss': 7.222584731142286, 'avg_acc': 48.657570422535215, 'loss': 7.126363754272461}
{'epoch': 3, 'iter': 80, 'avg_loss': 7.257035649852988, 'avg_acc': 48.53395061728395, 'loss': 7.174039840698242}
{'epoch': 3, 'iter': 90, 'avg_loss': 7.272941751794501, 'avg_acc': 48.50618131868132, 'loss': 7.070298671722412}
{'epoch': 3, 'iter': 100, 'avg_loss': 7.282904204755726, 'avg_acc': 48.68502475247525, 'loss': 6.436137676239014}
{'epoch': 3, 'iter': 110, 'avg_loss': 7.264443212801272, 'avg_acc': 48.986486486486484, 'loss': 6.4622626304626465}
{'epoch': 3, 'iter': 120, 'avg_loss': 7.209841503584681, 'avg_acc': 49.04442148760331, 'loss': 6.757408142089844}
{'epoch': 3, 'iter': 130, 'avg_loss': 7.159377352881978, 'avg_acc': 48.93845419847328, 'loss': 6.6668524742126465}
{'epoch': 3, 'iter': 140, 'avg_loss': 7.09940557276949, 'avg_acc': 48.95833333333333, 'loss': 6.645718097686768}
{'epoch': 3, 'iter': 150, 'avg_loss': 7.04007222636646, 'avg_acc': 49.203228476821195, 'loss': 5.959243297576904}
{'epoch': 3, 'iter': 160, 'avg_loss': 6.995088988949793, 'avg_acc': 49.378881987577635, 'loss': 6.43580436706543}
{'epoch': 3, 'iter': 170, 'avg_loss': 6.946908217424538, 'avg_acc': 49.515716374269005, 'loss': 6.321906089782715}
{'epoch': 3, 'iter': 180, 'avg_loss': 6.916359553679577, 'avg_acc': 49.2921270718232, 'loss': 6.029962062835693}
{'epoch': 3, 'iter': 190, 'avg_loss': 6.891507775371611, 'avg_acc': 49.19829842931937, 'loss': 7.292071342468262}
{'epoch': 3, 'iter': 200, 'avg_loss': 6.871216026704703, 'avg_acc': 49.230410447761194, 'loss': 6.973804950714111}
{'epoch': 3, 'iter': 210, 'avg_loss': 6.856561489014829, 'avg_acc': 49.36315165876778, 'loss': 6.151608943939209}
{'epoch': 3, 'iter': 220, 'avg_loss': 6.834056947026317, 'avg_acc': 49.25056561085973, 'loss': 6.674615859985352}
{'epoch': 3, 'iter': 230, 'avg_loss': 6.822183394328857, 'avg_acc': 49.323593073593074, 'loss': 6.792813301086426}
{'epoch': 3, 'iter': 240, 'avg_loss': 6.807596266022362, 'avg_acc': 49.31275933609959, 'loss': 6.540580749511719}
{'epoch': 3, 'iter': 250, 'avg_loss': 6.770111802089737, 'avg_acc': 49.39616533864542, 'loss': 5.413459300994873}
{'epoch': 3, 'iter': 260, 'avg_loss': 6.736673510394334, 'avg_acc': 49.43726053639847, 'loss': 5.479598522186279}
{'epoch': 3, 'iter': 270, 'avg_loss': 6.70730402900724, 'avg_acc': 49.42343173431734, 'loss': 5.662846565246582}
{'epoch': 3, 'iter': 280, 'avg_loss': 6.658761832213487, 'avg_acc': 49.44395017793594, 'loss': 5.183328151702881}
{'epoch': 3, 'iter': 290, 'avg_loss': 6.637228159560371, 'avg_acc': 49.43084192439863, 'loss': 5.41670036315918}
{'epoch': 3, 'iter': 300, 'avg_loss': 6.609822399988523, 'avg_acc': 49.48089700996678, 'loss': 5.286409854888916}
{'epoch': 3, 'iter': 310, 'avg_loss': 6.590496918779477, 'avg_acc': 49.54782958199357, 'loss': 6.330987930297852}
{'epoch': 3, 'iter': 320, 'avg_loss': 6.5632391867236555, 'avg_acc': 49.60085669781931, 'loss': 7.6900105476379395}
{'epoch': 3, 'iter': 330, 'avg_loss': 6.545854845075809, 'avg_acc': 49.64595921450151, 'loss': 5.386559963226318}
{'epoch': 3, 'iter': 340, 'avg_loss': 6.52453342281129, 'avg_acc': 49.587609970674485, 'loss': 6.058288097381592}
{'epoch': 3, 'iter': 350, 'avg_loss': 6.510385526890769, 'avg_acc': 49.63051994301994, 'loss': 5.760835647583008}
{'epoch': 3, 'iter': 360, 'avg_loss': 6.496120135870006, 'avg_acc': 49.588815789473685, 'loss': 5.702755451202393}
{'epoch': 3, 'iter': 370, 'avg_loss': 6.481027948888485, 'avg_acc': 49.59147574123989, 'loss': 5.905783176422119}
{'epoch': 3, 'iter': 380, 'avg_loss': 6.456448743975382, 'avg_acc': 49.58989501312336, 'loss': 5.1791510581970215}
{'epoch': 3, 'iter': 390, 'avg_loss': 6.4330342456202985, 'avg_acc': 49.66432225063939, 'loss': 4.765056610107422}
{'epoch': 3, 'iter': 400, 'avg_loss': 6.41281545786489, 'avg_acc': 49.750623441396506, 'loss': 6.444467544555664}
{'epoch': 3, 'iter': 410, 'avg_loss': 6.393169520255133, 'avg_acc': 49.8213199513382, 'loss': 6.3310546875}
{'epoch': 3, 'iter': 420, 'avg_loss': 6.365766882613266, 'avg_acc': 49.82185273159145, 'loss': 5.596214771270752}
{'epoch': 3, 'iter': 430, 'avg_loss': 6.349945047891887, 'avg_acc': 49.844112529002324, 'loss': 5.376038074493408}
{'epoch': 3, 'iter': 440, 'avg_loss': 6.33605661035395, 'avg_acc': 49.84764739229025, 'loss': 4.408660411834717}
{'epoch': 3, 'iter': 450, 'avg_loss': 6.3257765870400915, 'avg_acc': 49.771341463414636, 'loss': 5.543790817260742}
{'epoch': 3, 'iter': 460, 'avg_loss': 6.316349368291926, 'avg_acc': 49.803416485900215, 'loss': 5.4471635818481445}
{'epoch': 3, 'iter': 470, 'avg_loss': 6.309195945217351, 'avg_acc': 49.83412951167728, 'loss': 6.563238620758057}
{'epoch': 3, 'iter': 480, 'avg_loss': 6.300572727921104, 'avg_acc': 49.77910602910603, 'loss': 5.873068332672119}
{'epoch': 3, 'iter': 490, 'avg_loss': 6.282879578363143, 'avg_acc': 49.72632382892057, 'loss': 5.172820568084717}
{'epoch': 3, 'iter': 500, 'avg_loss': 6.274536806190323, 'avg_acc': 49.759855289421154, 'loss': 4.61768102645874}
{'epoch': 3, 'iter': 510, 'avg_loss': 6.262658392146609, 'avg_acc': 49.776785714285715, 'loss': 6.902362823486328}
{'epoch': 3, 'iter': 520, 'avg_loss': 6.258421837025091, 'avg_acc': 49.80506238003839, 'loss': 5.975759506225586}
{'epoch': 3, 'iter': 530, 'avg_loss': 6.254782026096926, 'avg_acc': 49.80579096045198, 'loss': 6.117480754852295}
{'epoch': 3, 'iter': 540, 'avg_loss': 6.249293890105157, 'avg_acc': 49.76894639556377, 'loss': 7.019709587097168}
{'epoch': 3, 'iter': 550, 'avg_loss': 6.240063672922484, 'avg_acc': 49.838362068965516, 'loss': 5.596652984619141}
{'epoch': 3, 'iter': 560, 'avg_loss': 6.2319619783105695, 'avg_acc': 49.818961675579324, 'loss': 5.691383361816406}
{'epoch': 3, 'iter': 570, 'avg_loss': 6.228336697075705, 'avg_acc': 49.85496935201401, 'loss': 6.902031898498535}
{'epoch': 3, 'iter': 580, 'avg_loss': 6.2257250988544985, 'avg_acc': 49.82250430292599, 'loss': 6.46492862701416}
{'epoch': 3, 'iter': 590, 'avg_loss': 6.221876854823931, 'avg_acc': 49.82286379018612, 'loss': 6.47958517074585}
{'epoch': 3, 'iter': 600, 'avg_loss': 6.222959317304132, 'avg_acc': 49.81021214642263, 'loss': 6.49370002746582}
{'epoch': 3, 'iter': 610, 'avg_loss': 6.216795940445995, 'avg_acc': 49.79286006546645, 'loss': 5.548314094543457}
{'epoch': 3, 'iter': 620, 'avg_loss': 6.219049004157, 'avg_acc': 49.80374396135266, 'loss': 6.330941677093506}
{'epoch': 3, 'iter': 630, 'avg_loss': 6.2095867378398095, 'avg_acc': 49.79942551505547, 'loss': 5.892135143280029}
{'epoch': 3, 'iter': 640, 'avg_loss': 6.200516666153478, 'avg_acc': 49.77086583463339, 'loss': 5.505366325378418}
{'epoch': 3, 'iter': 650, 'avg_loss': 6.195473179106705, 'avg_acc': 49.77438556067588, 'loss': 5.707468509674072}
{'epoch': 3, 'iter': 660, 'avg_loss': 6.188121112139611, 'avg_acc': 49.725794251134644, 'loss': 4.7495856285095215}
{'epoch': 3, 'iter': 670, 'avg_loss': 6.185137875566895, 'avg_acc': 49.6996087928465, 'loss': 6.2899556159973145}
{'epoch': 3, 'iter': 680, 'avg_loss': 6.187225355450803, 'avg_acc': 49.68795888399413, 'loss': 6.413509368896484}
{'epoch': 3, 'iter': 690, 'avg_loss': 6.188594155304684, 'avg_acc': 49.71056439942113, 'loss': 7.0221405029296875}
{'epoch': 3, 'iter': 700, 'avg_loss': 6.191072175234089, 'avg_acc': 49.72583808844508, 'loss': 5.953600883483887}
{'epoch': 3, 'iter': 710, 'avg_loss': 6.187302935810867, 'avg_acc': 49.723101265822784, 'loss': 5.784233570098877}
{'epoch': 3, 'iter': 720, 'avg_loss': 6.189453536693663, 'avg_acc': 49.72044036061026, 'loss': 4.801619529724121}
{'epoch': 3, 'iter': 730, 'avg_loss': 6.188268188249559, 'avg_acc': 49.70716484268126, 'loss': 6.203836441040039}
{'epoch': 3, 'iter': 740, 'avg_loss': 6.186996673926329, 'avg_acc': 49.64574898785425, 'loss': 5.073487758636475}
{'epoch': 3, 'iter': 750, 'avg_loss': 6.184549875487977, 'avg_acc': 49.67959387483356, 'loss': 6.496662139892578}
{'epoch': 3, 'iter': 760, 'avg_loss': 6.182658180144081, 'avg_acc': 49.68791064388962, 'loss': 5.787204742431641}
EP3_train, avg_loss= 6.180976325616786 total_acc= 49.70650195324484
EP:3 Model Saved on: ./cache/bert/bert.model.all.rpt.ep3
{'epoch': 4, 'iter': 0, 'avg_loss': 7.106671333312988, 'avg_acc': 56.25, 'loss': 7.106671333312988}
{'epoch': 4, 'iter': 10, 'avg_loss': 7.087838953191584, 'avg_acc': 51.84659090909091, 'loss': 7.437887191772461}
{'epoch': 4, 'iter': 20, 'avg_loss': 7.194702012198312, 'avg_acc': 50.297619047619044, 'loss': 7.703563690185547}
{'epoch': 4, 'iter': 30, 'avg_loss': 7.178064823150635, 'avg_acc': 49.69758064516129, 'loss': 6.970615386962891}
{'epoch': 4, 'iter': 40, 'avg_loss': 7.1375642288021925, 'avg_acc': 50.22865853658537, 'loss': 7.588310241699219}
{'epoch': 4, 'iter': 50, 'avg_loss': 7.201490570517147, 'avg_acc': 50.42892156862745, 'loss': 7.355880260467529}
{'epoch': 4, 'iter': 60, 'avg_loss': 7.2500739801125444, 'avg_acc': 50.409836065573764, 'loss': 7.422512054443359}
{'epoch': 4, 'iter': 70, 'avg_loss': 7.2557516232342785, 'avg_acc': 49.93397887323944, 'loss': 7.566196918487549}
{'epoch': 4, 'iter': 80, 'avg_loss': 7.279430395291175, 'avg_acc': 49.594907407407405, 'loss': 7.245301723480225}
{'epoch': 4, 'iter': 90, 'avg_loss': 7.271856119344522, 'avg_acc': 49.58791208791209, 'loss': 7.254990577697754}
{'epoch': 4, 'iter': 100, 'avg_loss': 7.271697927229475, 'avg_acc': 49.62871287128713, 'loss': 7.125364303588867}
{'epoch': 4, 'iter': 110, 'avg_loss': 7.263260394603282, 'avg_acc': 49.859234234234236, 'loss': 6.858375072479248}
{'epoch': 4, 'iter': 120, 'avg_loss': 7.197986650072838, 'avg_acc': 49.845041322314046, 'loss': 6.148609161376953}
{'epoch': 4, 'iter': 130, 'avg_loss': 7.141114988399826, 'avg_acc': 49.582538167938935, 'loss': 6.2825398445129395}
{'epoch': 4, 'iter': 140, 'avg_loss': 7.067980705423558, 'avg_acc': 49.66755319148936, 'loss': 6.215699195861816}
{'epoch': 4, 'iter': 150, 'avg_loss': 7.009028955800644, 'avg_acc': 49.57574503311258, 'loss': 5.899960517883301}
{'epoch': 4, 'iter': 160, 'avg_loss': 6.9616879202564315, 'avg_acc': 49.72826086956522, 'loss': 7.16239595413208}
{'epoch': 4, 'iter': 170, 'avg_loss': 6.9294607681140565, 'avg_acc': 49.59795321637427, 'loss': 5.685107231140137}
{'epoch': 4, 'iter': 180, 'avg_loss': 6.891981741341438, 'avg_acc': 49.78418508287293, 'loss': 5.958649635314941}
{'epoch': 4, 'iter': 190, 'avg_loss': 6.865152703529877, 'avg_acc': 49.705497382198956, 'loss': 6.728802680969238}
{'epoch': 4, 'iter': 200, 'avg_loss': 6.845564673789105, 'avg_acc': 49.56467661691542, 'loss': 7.081856727600098}
{'epoch': 4, 'iter': 210, 'avg_loss': 6.822786986545364, 'avg_acc': 49.703791469194314, 'loss': 6.4872965812683105}
{'epoch': 4, 'iter': 220, 'avg_loss': 6.788438989026514, 'avg_acc': 49.76668552036199, 'loss': 5.475827693939209}
{'epoch': 4, 'iter': 230, 'avg_loss': 6.779356483773236, 'avg_acc': 49.91883116883117, 'loss': 6.73936128616333}
{'epoch': 4, 'iter': 240, 'avg_loss': 6.7407465416366135, 'avg_acc': 49.92868257261411, 'loss': 5.021430492401123}
{'epoch': 4, 'iter': 250, 'avg_loss': 6.700012972630352, 'avg_acc': 49.912848605577686, 'loss': 6.619561195373535}
{'epoch': 4, 'iter': 260, 'avg_loss': 6.665443663396141, 'avg_acc': 49.952107279693486, 'loss': 5.506277084350586}
{'epoch': 4, 'iter': 270, 'avg_loss': 6.63335710609971, 'avg_acc': 49.98846863468634, 'loss': 6.3643412590026855}
{'epoch': 4, 'iter': 280, 'avg_loss': 6.590633275245857, 'avg_acc': 50.0278024911032, 'loss': 5.6039628982543945}
{'epoch': 4, 'iter': 290, 'avg_loss': 6.566282326413184, 'avg_acc': 50.1610824742268, 'loss': 5.385648727416992}
{'epoch': 4, 'iter': 300, 'avg_loss': 6.542878821046646, 'avg_acc': 50.145348837209305, 'loss': 5.382115840911865}
{'epoch': 4, 'iter': 310, 'avg_loss': 6.516171933753697, 'avg_acc': 50.08038585209004, 'loss': 6.012894630432129}
{'epoch': 4, 'iter': 320, 'avg_loss': 6.490932136309852, 'avg_acc': 50.05841121495327, 'loss': 4.731672763824463}
{'epoch': 4, 'iter': 330, 'avg_loss': 6.466547600092125, 'avg_acc': 50.0, 'loss': 5.720510005950928}
{'epoch': 4, 'iter': 340, 'avg_loss': 6.447984645093991, 'avg_acc': 50.01374633431085, 'loss': 6.4969635009765625}
{'epoch': 4, 'iter': 350, 'avg_loss': 6.431321463353953, 'avg_acc': 50.0534188034188, 'loss': 6.067495822906494}
{'epoch': 4, 'iter': 360, 'avg_loss': 6.418498835735374, 'avg_acc': 50.06059556786704, 'loss': 6.076891899108887}
{'epoch': 4, 'iter': 370, 'avg_loss': 6.399954844677866, 'avg_acc': 50.080020215633425, 'loss': 6.455604553222656}
{'epoch': 4, 'iter': 380, 'avg_loss': 6.371583535602399, 'avg_acc': 50.17224409448819, 'loss': 5.613015174865723}
{'epoch': 4, 'iter': 390, 'avg_loss': 6.3546266263098365, 'avg_acc': 50.179827365728904, 'loss': 5.0366926193237305}
{'epoch': 4, 'iter': 400, 'avg_loss': 6.328990162162115, 'avg_acc': 50.14417082294265, 'loss': 5.129251480102539}
{'epoch': 4, 'iter': 410, 'avg_loss': 6.313442246467238, 'avg_acc': 50.152068126520675, 'loss': 6.3217692375183105}
{'epoch': 4, 'iter': 420, 'avg_loss': 6.289909075104992, 'avg_acc': 50.115053444180525, 'loss': 5.0285868644714355}
{'epoch': 4, 'iter': 430, 'avg_loss': 6.273063761452234, 'avg_acc': 50.14138631090487, 'loss': 5.379174709320068}
{'epoch': 4, 'iter': 440, 'avg_loss': 6.258951782909921, 'avg_acc': 50.042517006802726, 'loss': 6.367624282836914}
{'epoch': 4, 'iter': 450, 'avg_loss': 6.250602344715939, 'avg_acc': 50.024251662971174, 'loss': 4.945187568664551}
{'epoch': 4, 'iter': 460, 'avg_loss': 6.242476437459023, 'avg_acc': 50.0305043383948, 'loss': 5.173709392547607}
{'epoch': 4, 'iter': 470, 'avg_loss': 6.2284269474620775, 'avg_acc': 50.03317409766454, 'loss': 5.274412155151367}
{'epoch': 4, 'iter': 480, 'avg_loss': 6.2123832018608365, 'avg_acc': 50.01949064449065, 'loss': 5.941432476043701}
{'epoch': 4, 'iter': 490, 'avg_loss': 6.207014367439596, 'avg_acc': 50.04773421588594, 'loss': 6.2161078453063965}
{'epoch': 4, 'iter': 500, 'avg_loss': 6.202358006003374, 'avg_acc': 50.04990019960079, 'loss': 5.063379764556885}
{'epoch': 4, 'iter': 510, 'avg_loss': 6.201632289737171, 'avg_acc': 50.05503913894324, 'loss': 5.699766635894775}
{'epoch': 4, 'iter': 520, 'avg_loss': 6.200085999640759, 'avg_acc': 50.11996161228407, 'loss': 5.909955978393555}
{'epoch': 4, 'iter': 530, 'avg_loss': 6.1959935689376575, 'avg_acc': 50.13241525423729, 'loss': 5.516448497772217}
{'epoch': 4, 'iter': 540, 'avg_loss': 6.194023925583816, 'avg_acc': 50.12130314232902, 'loss': 6.396852970123291}
{'epoch': 4, 'iter': 550, 'avg_loss': 6.188645083328773, 'avg_acc': 50.14745916515426, 'loss': 5.228934288024902}
{'epoch': 4, 'iter': 560, 'avg_loss': 6.186495202110413, 'avg_acc': 50.10862299465241, 'loss': 6.990871429443359}
{'epoch': 4, 'iter': 570, 'avg_loss': 6.184697340749818, 'avg_acc': 50.07388353765324, 'loss': 5.812157154083252}
{'epoch': 4, 'iter': 580, 'avg_loss': 6.186802507883095, 'avg_acc': 50.04033993115319, 'loss': 6.900924205780029}
{'epoch': 4, 'iter': 590, 'avg_loss': 6.181481401730713, 'avg_acc': 50.07138324873096, 'loss': 6.4093499183654785}
{'epoch': 4, 'iter': 600, 'avg_loss': 6.179383345332598, 'avg_acc': 50.09619384359401, 'loss': 6.463856220245361}
{'epoch': 4, 'iter': 610, 'avg_loss': 6.169435856970554, 'avg_acc': 50.09973404255319, 'loss': 5.716867446899414}
{'epoch': 4, 'iter': 620, 'avg_loss': 6.169195948399591, 'avg_acc': 50.113224637681164, 'loss': 5.642348766326904}
{'epoch': 4, 'iter': 630, 'avg_loss': 6.163166538093434, 'avg_acc': 50.06933438985737, 'loss': 5.4663190841674805}
{'epoch': 4, 'iter': 640, 'avg_loss': 6.1566685462332735, 'avg_acc': 50.10969188767551, 'loss': 5.55523681640625}
{'epoch': 4, 'iter': 650, 'avg_loss': 6.147873578899284, 'avg_acc': 50.09840629800307, 'loss': 5.433999061584473}
{'epoch': 4, 'iter': 660, 'avg_loss': 6.138361534805413, 'avg_acc': 50.137102874432685, 'loss': 6.055217266082764}
{'epoch': 4, 'iter': 670, 'avg_loss': 6.133085508104942, 'avg_acc': 50.132730998509686, 'loss': 6.231418609619141}
{'epoch': 4, 'iter': 680, 'avg_loss': 6.132343007254356, 'avg_acc': 50.158314977973575, 'loss': 6.481571674346924}
{'epoch': 4, 'iter': 690, 'avg_loss': 6.134159150930976, 'avg_acc': 50.10627713458755, 'loss': 7.022275447845459}
{'epoch': 4, 'iter': 700, 'avg_loss': 6.1376248848081145, 'avg_acc': 50.09807417974322, 'loss': 6.567549705505371}
{'epoch': 4, 'iter': 710, 'avg_loss': 6.132770070882119, 'avg_acc': 50.08570675105485, 'loss': 4.9645490646362305}
{'epoch': 4, 'iter': 720, 'avg_loss': 6.136965989074495, 'avg_acc': 50.05201109570042, 'loss': 6.0328593254089355}
{'epoch': 4, 'iter': 730, 'avg_loss': 6.135157775617983, 'avg_acc': 50.04916210670315, 'loss': 5.933149814605713}
{'epoch': 4, 'iter': 740, 'avg_loss': 6.1348793400444, 'avg_acc': 50.03373819163293, 'loss': 5.844226837158203}
{'epoch': 4, 'iter': 750, 'avg_loss': 6.137248623386998, 'avg_acc': 50.01248335552596, 'loss': 6.203976631164551}
{'epoch': 4, 'iter': 760, 'avg_loss': 6.14126759227096, 'avg_acc': 50.0, 'loss': 6.569859981536865}
EP4_train, avg_loss= 6.138474858244052 total_acc= 50.00102264127789
EP:4 Model Saved on: ./cache/bert/bert.model.all.rpt.ep4
{'epoch': 5, 'iter': 0, 'avg_loss': 6.9389142990112305, 'avg_acc': 62.5, 'loss': 6.9389142990112305}
{'epoch': 5, 'iter': 10, 'avg_loss': 6.984976031563499, 'avg_acc': 48.153409090909086, 'loss': 7.212081432342529}
{'epoch': 5, 'iter': 20, 'avg_loss': 6.881624993823824, 'avg_acc': 49.404761904761905, 'loss': 6.815748691558838}
{'epoch': 5, 'iter': 30, 'avg_loss': 6.9593643834514, 'avg_acc': 49.69758064516129, 'loss': 7.574497699737549}
{'epoch': 5, 'iter': 40, 'avg_loss': 7.001182451480773, 'avg_acc': 49.84756097560975, 'loss': 7.716280460357666}
{'epoch': 5, 'iter': 50, 'avg_loss': 7.037350028168921, 'avg_acc': 49.96936274509804, 'loss': 6.630038738250732}
{'epoch': 5, 'iter': 60, 'avg_loss': 7.122994157134509, 'avg_acc': 49.43647540983606, 'loss': 7.735640048980713}
{'epoch': 5, 'iter': 70, 'avg_loss': 7.13448543951545, 'avg_acc': 49.493838028169016, 'loss': 7.130515098571777}
{'epoch': 5, 'iter': 80, 'avg_loss': 7.163902423999928, 'avg_acc': 49.65277777777778, 'loss': 6.943419456481934}
{'epoch': 5, 'iter': 90, 'avg_loss': 7.18116402888036, 'avg_acc': 49.91414835164835, 'loss': 7.779053688049316}
{'epoch': 5, 'iter': 100, 'avg_loss': 7.1831233005712525, 'avg_acc': 49.92264851485149, 'loss': 6.832973480224609}
{'epoch': 5, 'iter': 110, 'avg_loss': 7.177741660728111, 'avg_acc': 50.07038288288288, 'loss': 7.261751174926758}
{'epoch': 5, 'iter': 120, 'avg_loss': 7.128983958693575, 'avg_acc': 49.96126033057851, 'loss': 5.917806148529053}
{'epoch': 5, 'iter': 130, 'avg_loss': 7.063747689924167, 'avg_acc': 49.85687022900763, 'loss': 5.39339017868042}
{'epoch': 5, 'iter': 140, 'avg_loss': 6.98769131112606, 'avg_acc': 50.121897163120565, 'loss': 5.730441570281982}
{'epoch': 5, 'iter': 150, 'avg_loss': 6.94386746867603, 'avg_acc': 50.18625827814569, 'loss': 6.12246036529541}
{'epoch': 5, 'iter': 160, 'avg_loss': 6.917933615098089, 'avg_acc': 50.11645962732919, 'loss': 6.109428405761719}
{'epoch': 5, 'iter': 170, 'avg_loss': 6.889875760552479, 'avg_acc': 50.100511695906434, 'loss': 6.174814701080322}
{'epoch': 5, 'iter': 180, 'avg_loss': 6.855075069553944, 'avg_acc': 50.18991712707182, 'loss': 6.480149745941162}
{'epoch': 5, 'iter': 190, 'avg_loss': 6.829542666829694, 'avg_acc': 50.3026832460733, 'loss': 6.1692376136779785}
{'epoch': 5, 'iter': 200, 'avg_loss': 6.818753975540845, 'avg_acc': 50.303171641791046, 'loss': 6.6104888916015625}
{'epoch': 5, 'iter': 210, 'avg_loss': 6.79350887090674, 'avg_acc': 50.22956161137441, 'loss': 6.877523899078369}
{'epoch': 5, 'iter': 220, 'avg_loss': 6.761381973508256, 'avg_acc': 50.31108597285068, 'loss': 5.592811107635498}
{'epoch': 5, 'iter': 230, 'avg_loss': 6.75076185160385, 'avg_acc': 50.37202380952381, 'loss': 7.615523338317871}
{'epoch': 5, 'iter': 240, 'avg_loss': 6.730643784851454, 'avg_acc': 50.486255186722, 'loss': 5.415146827697754}
{'epoch': 5, 'iter': 250, 'avg_loss': 6.686214097467552, 'avg_acc': 50.42330677290837, 'loss': 4.584211826324463}
{'epoch': 5, 'iter': 260, 'avg_loss': 6.645136712611406, 'avg_acc': 50.484913793103445, 'loss': 4.878174304962158}
{'epoch': 5, 'iter': 270, 'avg_loss': 6.6085336164354835, 'avg_acc': 50.42089483394834, 'loss': 5.926638603210449}
{'epoch': 5, 'iter': 280, 'avg_loss': 6.561687452513128, 'avg_acc': 50.378113879003564, 'loss': 5.1978068351745605}
{'epoch': 5, 'iter': 290, 'avg_loss': 6.5430375341697244, 'avg_acc': 50.38122852233678, 'loss': 5.054328918457031}
{'epoch': 5, 'iter': 300, 'avg_loss': 6.510803929199016, 'avg_acc': 50.327034883720934, 'loss': 4.803633213043213}
{'epoch': 5, 'iter': 310, 'avg_loss': 6.489111486355208, 'avg_acc': 50.301446945337624, 'loss': 6.411310195922852}
{'epoch': 5, 'iter': 320, 'avg_loss': 6.462715613879148, 'avg_acc': 50.340732087227416, 'loss': 4.943663597106934}
{'epoch': 5, 'iter': 330, 'avg_loss': 6.446031290959016, 'avg_acc': 50.401246223564954, 'loss': 6.0802741050720215}
{'epoch': 5, 'iter': 340, 'avg_loss': 6.428110831643829, 'avg_acc': 50.42155425219942, 'loss': 5.001650333404541}
{'epoch': 5, 'iter': 350, 'avg_loss': 6.403090577519517, 'avg_acc': 50.45405982905983, 'loss': 5.6001129150390625}
{'epoch': 5, 'iter': 360, 'avg_loss': 6.383363435803358, 'avg_acc': 50.35924515235457, 'loss': 5.502974987030029}
{'epoch': 5, 'iter': 370, 'avg_loss': 6.365525595261402, 'avg_acc': 50.40010107816711, 'loss': 6.243330955505371}
{'epoch': 5, 'iter': 380, 'avg_loss': 6.343169403827097, 'avg_acc': 50.37319553805774, 'loss': 5.029593467712402}
{'epoch': 5, 'iter': 390, 'avg_loss': 6.317740380611566, 'avg_acc': 50.38363171355499, 'loss': 4.88052225112915}
{'epoch': 5, 'iter': 400, 'avg_loss': 6.304333885411669, 'avg_acc': 50.393547381546135, 'loss': 5.739522457122803}
{'epoch': 5, 'iter': 410, 'avg_loss': 6.288765625361979, 'avg_acc': 50.414385644768856, 'loss': 6.687297821044922}
{'epoch': 5, 'iter': 420, 'avg_loss': 6.267350363334963, 'avg_acc': 50.486193586698334, 'loss': 5.0119309425354}
{'epoch': 5, 'iter': 430, 'avg_loss': 6.24969924851526, 'avg_acc': 50.50391531322506, 'loss': 5.539522647857666}
{'epoch': 5, 'iter': 440, 'avg_loss': 6.248158649522431, 'avg_acc': 50.51729024943311, 'loss': 6.522597312927246}
{'epoch': 5, 'iter': 450, 'avg_loss': 6.238658041224511, 'avg_acc': 50.561252771618626, 'loss': 5.291528224945068}
{'epoch': 5, 'iter': 460, 'avg_loss': 6.2297313021992915, 'avg_acc': 50.447396963123644, 'loss': 6.523001670837402}
{'epoch': 5, 'iter': 470, 'avg_loss': 6.223072565285263, 'avg_acc': 50.454485138004245, 'loss': 6.312119960784912}
{'epoch': 5, 'iter': 480, 'avg_loss': 6.210399870565181, 'avg_acc': 50.458030145530145, 'loss': 5.091071128845215}
{'epoch': 5, 'iter': 490, 'avg_loss': 6.20117868668193, 'avg_acc': 50.44233706720978, 'loss': 5.797831058502197}
{'epoch': 5, 'iter': 500, 'avg_loss': 6.196154115680687, 'avg_acc': 50.42103293413174, 'loss': 5.3469696044921875}
{'epoch': 5, 'iter': 510, 'avg_loss': 6.1879726361388565, 'avg_acc': 50.49535225048923, 'loss': 5.661104202270508}
{'epoch': 5, 'iter': 520, 'avg_loss': 6.1834772772615105, 'avg_acc': 50.47384836852208, 'loss': 6.293543338775635}
{'epoch': 5, 'iter': 530, 'avg_loss': 6.174467078710006, 'avg_acc': 50.435499058380415, 'loss': 5.664862155914307}
{'epoch': 5, 'iter': 540, 'avg_loss': 6.173122804398457, 'avg_acc': 50.42167282809612, 'loss': 6.293881416320801}
{'epoch': 5, 'iter': 550, 'avg_loss': 6.162472756069065, 'avg_acc': 50.42536297640653, 'loss': 6.010296821594238}
{'epoch': 5, 'iter': 560, 'avg_loss': 6.1537956086497045, 'avg_acc': 50.45677361853832, 'loss': 5.532378196716309}
{'epoch': 5, 'iter': 570, 'avg_loss': 6.148441972749246, 'avg_acc': 50.470665499124344, 'loss': 6.204038143157959}
{'epoch': 5, 'iter': 580, 'avg_loss': 6.142479011811406, 'avg_acc': 50.4302925989673, 'loss': 5.844033718109131}
{'epoch': 5, 'iter': 590, 'avg_loss': 6.137756245188705, 'avg_acc': 50.45473773265652, 'loss': 6.380284786224365}
{'epoch': 5, 'iter': 600, 'avg_loss': 6.139812731306486, 'avg_acc': 50.42637271214643, 'loss': 6.605128288269043}
{'epoch': 5, 'iter': 610, 'avg_loss': 6.13830530038637, 'avg_acc': 50.439852700490995, 'loss': 6.838657379150391}
{'epoch': 5, 'iter': 620, 'avg_loss': 6.13401624891493, 'avg_acc': 50.45793075684381, 'loss': 5.70964241027832}
{'epoch': 5, 'iter': 630, 'avg_loss': 6.129133863041027, 'avg_acc': 50.47295958795562, 'loss': 5.764872074127197}
{'epoch': 5, 'iter': 640, 'avg_loss': 6.11931635994993, 'avg_acc': 50.48995709828393, 'loss': 5.261660099029541}
{'epoch': 5, 'iter': 650, 'avg_loss': 6.112388882585751, 'avg_acc': 50.50883256528418, 'loss': 5.985555648803711}
{'epoch': 5, 'iter': 660, 'avg_loss': 6.104258755872903, 'avg_acc': 50.49877080181543, 'loss': 5.419834136962891}
{'epoch': 5, 'iter': 670, 'avg_loss': 6.0999720398608686, 'avg_acc': 50.49599478390462, 'loss': 4.937850475311279}
{'epoch': 5, 'iter': 680, 'avg_loss': 6.104106375124311, 'avg_acc': 50.46576725403818, 'loss': 5.736932754516602}
{'epoch': 5, 'iter': 690, 'avg_loss': 6.106806985548713, 'avg_acc': 50.46807163531114, 'loss': 6.143648147583008}
{'epoch': 5, 'iter': 700, 'avg_loss': 6.109216424095818, 'avg_acc': 50.50151569186876, 'loss': 5.765044212341309}
{'epoch': 5, 'iter': 710, 'avg_loss': 6.111007327604227, 'avg_acc': 50.50545007032349, 'loss': 6.628025054931641}
{'epoch': 5, 'iter': 720, 'avg_loss': 6.114306991540112, 'avg_acc': 50.48326976421637, 'loss': 5.4990410804748535}
{'epoch': 5, 'iter': 730, 'avg_loss': 6.115926338122742, 'avg_acc': 50.43177154582763, 'loss': 6.467081546783447}
{'epoch': 5, 'iter': 740, 'avg_loss': 6.115608389721869, 'avg_acc': 50.43437921727395, 'loss': 5.867427349090576}
{'epoch': 5, 'iter': 750, 'avg_loss': 6.111222530014506, 'avg_acc': 50.457723035952064, 'loss': 6.600180625915527}
{'epoch': 5, 'iter': 760, 'avg_loss': 6.109670707336707, 'avg_acc': 50.4948258869908, 'loss': 5.88685941696167}
EP5_train, avg_loss= 6.107818942419521 total_acc= 50.48984517211053
EP:5 Model Saved on: ./cache/bert/bert.model.all.rpt.ep5
{'epoch': 6, 'iter': 0, 'avg_loss': 7.0173659324646, 'avg_acc': 39.0625, 'loss': 7.0173659324646}
{'epoch': 6, 'iter': 10, 'avg_loss': 7.504220485687256, 'avg_acc': 49.14772727272727, 'loss': 6.938737869262695}
{'epoch': 6, 'iter': 20, 'avg_loss': 7.261903513045538, 'avg_acc': 50.595238095238095, 'loss': 6.545001029968262}
{'epoch': 6, 'iter': 30, 'avg_loss': 7.095660286564981, 'avg_acc': 50.15120967741935, 'loss': 7.365926742553711}
{'epoch': 6, 'iter': 40, 'avg_loss': 7.017426525674215, 'avg_acc': 49.390243902439025, 'loss': 6.941727638244629}
{'epoch': 6, 'iter': 50, 'avg_loss': 7.053940333572089, 'avg_acc': 49.81617647058824, 'loss': 7.266574859619141}
{'epoch': 6, 'iter': 60, 'avg_loss': 7.1359929803942075, 'avg_acc': 49.74385245901639, 'loss': 6.906552314758301}
{'epoch': 6, 'iter': 70, 'avg_loss': 7.157008124069429, 'avg_acc': 49.84595070422535, 'loss': 7.144049167633057}
{'epoch': 6, 'iter': 80, 'avg_loss': 7.163631898385507, 'avg_acc': 49.286265432098766, 'loss': 6.301863670349121}
{'epoch': 6, 'iter': 90, 'avg_loss': 7.176969522958274, 'avg_acc': 49.72527472527473, 'loss': 7.287764072418213}
{'epoch': 6, 'iter': 100, 'avg_loss': 7.189083047432475, 'avg_acc': 49.78341584158416, 'loss': 7.444933891296387}
{'epoch': 6, 'iter': 110, 'avg_loss': 7.174883778030808, 'avg_acc': 49.98592342342342, 'loss': 6.657654762268066}
{'epoch': 6, 'iter': 120, 'avg_loss': 7.120490275138666, 'avg_acc': 49.94834710743802, 'loss': 6.825842380523682}
{'epoch': 6, 'iter': 130, 'avg_loss': 7.051808695756752, 'avg_acc': 49.86879770992366, 'loss': 5.852437973022461}
{'epoch': 6, 'iter': 140, 'avg_loss': 6.987478334007534, 'avg_acc': 50.011081560283685, 'loss': 6.489358901977539}
{'epoch': 6, 'iter': 150, 'avg_loss': 6.956197132337961, 'avg_acc': 50.196605960264904, 'loss': 6.880452632904053}
{'epoch': 6, 'iter': 160, 'avg_loss': 6.909192363667932, 'avg_acc': 50.0485248447205, 'loss': 6.493978977203369}
{'epoch': 6, 'iter': 170, 'avg_loss': 6.874398577283, 'avg_acc': 49.99086257309941, 'loss': 6.557377815246582}
{'epoch': 6, 'iter': 180, 'avg_loss': 6.848898763814684, 'avg_acc': 49.92230662983425, 'loss': 6.908459663391113}
{'epoch': 6, 'iter': 190, 'avg_loss': 6.807473647032733, 'avg_acc': 50.016361256544506, 'loss': 6.8426008224487305}
{'epoch': 6, 'iter': 200, 'avg_loss': 6.781818674571478, 'avg_acc': 49.88339552238806, 'loss': 6.343111991882324}
{'epoch': 6, 'iter': 210, 'avg_loss': 6.758608361556067, 'avg_acc': 49.7186018957346, 'loss': 6.641941547393799}
{'epoch': 6, 'iter': 220, 'avg_loss': 6.742857605084035, 'avg_acc': 49.76668552036199, 'loss': 6.604709148406982}
{'epoch': 6, 'iter': 230, 'avg_loss': 6.727022924464502, 'avg_acc': 49.83766233766234, 'loss': 6.560657501220703}
{'epoch': 6, 'iter': 240, 'avg_loss': 6.69810763236398, 'avg_acc': 49.87681535269709, 'loss': 5.623875617980957}
{'epoch': 6, 'iter': 250, 'avg_loss': 6.668263878005434, 'avg_acc': 49.86304780876494, 'loss': 6.2776384353637695}
{'epoch': 6, 'iter': 260, 'avg_loss': 6.634019257921826, 'avg_acc': 50.01795977011494, 'loss': 6.109212398529053}
{'epoch': 6, 'iter': 270, 'avg_loss': 6.594572883690415, 'avg_acc': 50.01729704797048, 'loss': 5.784538269042969}
{'epoch': 6, 'iter': 280, 'avg_loss': 6.55651788779425, 'avg_acc': 49.93327402135231, 'loss': 4.836180210113525}
{'epoch': 6, 'iter': 290, 'avg_loss': 6.534855878639877, 'avg_acc': 49.94093642611684, 'loss': 5.734251499176025}
{'epoch': 6, 'iter': 300, 'avg_loss': 6.515703042876285, 'avg_acc': 49.948089700996675, 'loss': 5.043407440185547}
{'epoch': 6, 'iter': 310, 'avg_loss': 6.4848010884987195, 'avg_acc': 50.040192926045016, 'loss': 5.681227684020996}
{'epoch': 6, 'iter': 320, 'avg_loss': 6.45706371652003, 'avg_acc': 50.10221962616822, 'loss': 5.762383460998535}
{'epoch': 6, 'iter': 330, 'avg_loss': 6.433330401913277, 'avg_acc': 50.01888217522659, 'loss': 5.489323616027832}
{'epoch': 6, 'iter': 340, 'avg_loss': 6.411649378164073, 'avg_acc': 50.0641495601173, 'loss': 5.5218305587768555}
{'epoch': 6, 'iter': 350, 'avg_loss': 6.390283251759673, 'avg_acc': 50.013354700854705, 'loss': 5.062905311584473}
{'epoch': 6, 'iter': 360, 'avg_loss': 6.370690896570517, 'avg_acc': 49.961045706371195, 'loss': 6.042985916137695}
{'epoch': 6, 'iter': 370, 'avg_loss': 6.353869111711446, 'avg_acc': 49.92840296495957, 'loss': 5.916767597198486}
{'epoch': 6, 'iter': 380, 'avg_loss': 6.334077351988144, 'avg_acc': 49.864665354330704, 'loss': 5.561137676239014}
{'epoch': 6, 'iter': 390, 'avg_loss': 6.313626743033719, 'avg_acc': 49.896099744245525, 'loss': 6.1787943840026855}
{'epoch': 6, 'iter': 400, 'avg_loss': 6.293229669109544, 'avg_acc': 49.98831047381546, 'loss': 5.637615203857422}
{'epoch': 6, 'iter': 410, 'avg_loss': 6.2755619534030735, 'avg_acc': 50.01900851581509, 'loss': 5.325031280517578}
{'epoch': 6, 'iter': 420, 'avg_loss': 6.2527250960433856, 'avg_acc': 49.933194774346795, 'loss': 5.426215648651123}
{'epoch': 6, 'iter': 430, 'avg_loss': 6.234480848998316, 'avg_acc': 49.96374709976798, 'loss': 5.222921848297119}
{'epoch': 6, 'iter': 440, 'avg_loss': 6.224892132947234, 'avg_acc': 49.98582766439909, 'loss': 5.683700084686279}
{'epoch': 6, 'iter': 450, 'avg_loss': 6.213655929607722, 'avg_acc': 49.94803215077605, 'loss': 5.398861885070801}
{'epoch': 6, 'iter': 460, 'avg_loss': 6.2004198552212335, 'avg_acc': 49.91526572668113, 'loss': 5.421208381652832}
{'epoch': 6, 'iter': 470, 'avg_loss': 6.197953738477833, 'avg_acc': 49.96682590233546, 'loss': 5.49560546875}
{'epoch': 6, 'iter': 480, 'avg_loss': 6.192250607663033, 'avg_acc': 50.01949064449065, 'loss': 5.159634590148926}
{'epoch': 6, 'iter': 490, 'avg_loss': 6.179338599902306, 'avg_acc': 50.01591140529531, 'loss': 6.194848537445068}
{'epoch': 6, 'iter': 500, 'avg_loss': 6.1716323403303255, 'avg_acc': 50.10915668662675, 'loss': 5.298224925994873}
{'epoch': 6, 'iter': 510, 'avg_loss': 6.168203018882736, 'avg_acc': 50.08255870841487, 'loss': 6.561484336853027}
{'epoch': 6, 'iter': 520, 'avg_loss': 6.167686119189418, 'avg_acc': 50.107965451055655, 'loss': 5.7336106300354}
{'epoch': 6, 'iter': 530, 'avg_loss': 6.160780744139533, 'avg_acc': 50.13535781544256, 'loss': 5.977656841278076}
{'epoch': 6, 'iter': 540, 'avg_loss': 6.153630612738252, 'avg_acc': 50.12996765249538, 'loss': 5.348222255706787}
{'epoch': 6, 'iter': 550, 'avg_loss': 6.148233138498075, 'avg_acc': 50.079401088929224, 'loss': 6.4986443519592285}
{'epoch': 6, 'iter': 560, 'avg_loss': 6.138864125372467, 'avg_acc': 50.09469696969697, 'loss': 5.7726335525512695}
{'epoch': 6, 'iter': 570, 'avg_loss': 6.132656117454301, 'avg_acc': 50.09303852889667, 'loss': 6.894318103790283}
{'epoch': 6, 'iter': 580, 'avg_loss': 6.129660324057285, 'avg_acc': 50.09950516351118, 'loss': 6.4308695793151855}
{'epoch': 6, 'iter': 590, 'avg_loss': 6.124929887994292, 'avg_acc': 50.06873942470389, 'loss': 6.561354637145996}
{'epoch': 6, 'iter': 600, 'avg_loss': 6.125188261022584, 'avg_acc': 50.09359400998336, 'loss': 6.062984943389893}
{'epoch': 6, 'iter': 610, 'avg_loss': 6.117611227956419, 'avg_acc': 50.10740589198036, 'loss': 5.460335731506348}
{'epoch': 6, 'iter': 620, 'avg_loss': 6.118833879725752, 'avg_acc': 50.077999194847024, 'loss': 6.175822734832764}
{'epoch': 6, 'iter': 630, 'avg_loss': 6.113181403624086, 'avg_acc': 50.079239302694134, 'loss': 5.895125865936279}
{'epoch': 6, 'iter': 640, 'avg_loss': 6.105993186813807, 'avg_acc': 50.09019110764431, 'loss': 5.882750511169434}
{'epoch': 6, 'iter': 650, 'avg_loss': 6.095752556386265, 'avg_acc': 50.04800307219662, 'loss': 6.065298557281494}
{'epoch': 6, 'iter': 660, 'avg_loss': 6.086900770934736, 'avg_acc': 50.08746217851739, 'loss': 4.755456924438477}
{'epoch': 6, 'iter': 670, 'avg_loss': 6.0810858446510645, 'avg_acc': 50.08615871833085, 'loss': 5.332335948944092}
{'epoch': 6, 'iter': 680, 'avg_loss': 6.085932121052791, 'avg_acc': 50.0367107195301, 'loss': 6.354934215545654}
{'epoch': 6, 'iter': 690, 'avg_loss': 6.089503913470874, 'avg_acc': 50.04748552821997, 'loss': 5.614731311798096}
{'epoch': 6, 'iter': 700, 'avg_loss': 6.089806818587974, 'avg_acc': 50.05349500713267, 'loss': 7.263157367706299}
{'epoch': 6, 'iter': 710, 'avg_loss': 6.088300096670116, 'avg_acc': 50.04175457102672, 'loss': 5.67877197265625}
{'epoch': 6, 'iter': 720, 'avg_loss': 6.092870782383933, 'avg_acc': 50.069348127600556, 'loss': 6.131526947021484}
{'epoch': 6, 'iter': 730, 'avg_loss': 6.0907203110722286, 'avg_acc': 50.08763679890561, 'loss': 5.774881839752197}
{'epoch': 6, 'iter': 740, 'avg_loss': 6.088916790791047, 'avg_acc': 50.08434547908232, 'loss': 5.332918643951416}
{'epoch': 6, 'iter': 750, 'avg_loss': 6.085756672682679, 'avg_acc': 50.09778628495339, 'loss': 6.158253192901611}
{'epoch': 6, 'iter': 760, 'avg_loss': 6.088728204819908, 'avg_acc': 50.12935282522996, 'loss': 6.090083122253418}
EP6_train, avg_loss= 6.08920809361323 total_acc= 50.11555846440186
EP:6 Model Saved on: ./cache/bert/bert.model.all.rpt.ep6
{'epoch': 7, 'iter': 0, 'avg_loss': 7.361371994018555, 'avg_acc': 51.5625, 'loss': 7.361371994018555}
{'epoch': 7, 'iter': 10, 'avg_loss': 7.067125970667059, 'avg_acc': 49.14772727272727, 'loss': 7.495580196380615}
{'epoch': 7, 'iter': 20, 'avg_loss': 6.9068083081926614, 'avg_acc': 50.44642857142857, 'loss': 6.520604610443115}
{'epoch': 7, 'iter': 30, 'avg_loss': 6.922275127903108, 'avg_acc': 49.94959677419355, 'loss': 6.661283016204834}
{'epoch': 7, 'iter': 40, 'avg_loss': 6.897153342642436, 'avg_acc': 50.800304878048784, 'loss': 7.001882553100586}
{'epoch': 7, 'iter': 50, 'avg_loss': 6.9687789094214345, 'avg_acc': 50.55147058823529, 'loss': 6.9275922775268555}
{'epoch': 7, 'iter': 60, 'avg_loss': 7.063200505053411, 'avg_acc': 50.614754098360656, 'loss': 7.8918561935424805}
{'epoch': 7, 'iter': 70, 'avg_loss': 7.120158336531948, 'avg_acc': 50.77024647887324, 'loss': 7.775834560394287}
{'epoch': 7, 'iter': 80, 'avg_loss': 7.160172150458819, 'avg_acc': 50.69444444444444, 'loss': 7.420629024505615}
{'epoch': 7, 'iter': 90, 'avg_loss': 7.178572020687899, 'avg_acc': 50.824175824175825, 'loss': 7.8278889656066895}
{'epoch': 7, 'iter': 100, 'avg_loss': 7.17919125887427, 'avg_acc': 50.525990099009896, 'loss': 6.932635307312012}
{'epoch': 7, 'iter': 110, 'avg_loss': 7.1754062154271585, 'avg_acc': 50.380067567567565, 'loss': 7.040635585784912}
{'epoch': 7, 'iter': 120, 'avg_loss': 7.117429685986732, 'avg_acc': 50.3228305785124, 'loss': 6.984717845916748}
{'epoch': 7, 'iter': 130, 'avg_loss': 7.052151214075453, 'avg_acc': 50.083492366412216, 'loss': 5.799680233001709}
{'epoch': 7, 'iter': 140, 'avg_loss': 6.990505181305798, 'avg_acc': 50.05540780141844, 'loss': 5.974590301513672}
{'epoch': 7, 'iter': 150, 'avg_loss': 6.922785657920585, 'avg_acc': 50.26903973509934, 'loss': 5.670052528381348}
{'epoch': 7, 'iter': 160, 'avg_loss': 6.867120938271469, 'avg_acc': 50.465838509316775, 'loss': 6.615285396575928}
{'epoch': 7, 'iter': 170, 'avg_loss': 6.825131335453681, 'avg_acc': 50.411184210526315, 'loss': 6.443915367126465}
{'epoch': 7, 'iter': 180, 'avg_loss': 6.795832847363382, 'avg_acc': 50.44889502762431, 'loss': 6.431829452514648}
{'epoch': 7, 'iter': 190, 'avg_loss': 6.7469095534679155, 'avg_acc': 50.269960732984295, 'loss': 5.848555088043213}
{'epoch': 7, 'iter': 200, 'avg_loss': 6.733300341895563, 'avg_acc': 50.32649253731343, 'loss': 6.447553634643555}
{'epoch': 7, 'iter': 210, 'avg_loss': 6.710579650661956, 'avg_acc': 50.43690758293838, 'loss': 6.5648512840271}
{'epoch': 7, 'iter': 220, 'avg_loss': 6.6927566226251525, 'avg_acc': 50.176753393665166, 'loss': 5.60461950302124}
{'epoch': 7, 'iter': 230, 'avg_loss': 6.677527246021089, 'avg_acc': 50.06087662337663, 'loss': 6.171110153198242}
{'epoch': 7, 'iter': 240, 'avg_loss': 6.652078442553762, 'avg_acc': 50.08428423236515, 'loss': 5.965893745422363}
{'epoch': 7, 'iter': 250, 'avg_loss': 6.622091253440218, 'avg_acc': 50.0, 'loss': 5.374318599700928}
{'epoch': 7, 'iter': 260, 'avg_loss': 6.594295940179935, 'avg_acc': 49.89822796934866, 'loss': 6.068343639373779}
{'epoch': 7, 'iter': 270, 'avg_loss': 6.561845179413518, 'avg_acc': 49.95387453874539, 'loss': 6.261951923370361}
{'epoch': 7, 'iter': 280, 'avg_loss': 6.52759685550296, 'avg_acc': 49.82762455516014, 'loss': 5.619984149932861}
{'epoch': 7, 'iter': 290, 'avg_loss': 6.504479128060882, 'avg_acc': 49.90871993127148, 'loss': 5.654801845550537}
{'epoch': 7, 'iter': 300, 'avg_loss': 6.4765706664304, 'avg_acc': 49.99480897009967, 'loss': 5.289492130279541}
{'epoch': 7, 'iter': 310, 'avg_loss': 6.448185186294114, 'avg_acc': 49.90454180064309, 'loss': 6.662601470947266}
{'epoch': 7, 'iter': 320, 'avg_loss': 6.433020961618869, 'avg_acc': 49.78095794392524, 'loss': 5.495081901550293}
{'epoch': 7, 'iter': 330, 'avg_loss': 6.414034166364871, 'avg_acc': 49.78285498489426, 'loss': 5.4622039794921875}
{'epoch': 7, 'iter': 340, 'avg_loss': 6.390914154891744, 'avg_acc': 49.61968475073314, 'loss': 5.252590656280518}
{'epoch': 7, 'iter': 350, 'avg_loss': 6.3680648368987605, 'avg_acc': 49.59045584045584, 'loss': 4.988977432250977}
{'epoch': 7, 'iter': 360, 'avg_loss': 6.349720941686234, 'avg_acc': 49.69269390581717, 'loss': 5.375490188598633}
{'epoch': 7, 'iter': 370, 'avg_loss': 6.326626480750318, 'avg_acc': 49.75151617250674, 'loss': 5.73475456237793}
{'epoch': 7, 'iter': 380, 'avg_loss': 6.309723004268536, 'avg_acc': 49.74163385826771, 'loss': 5.882839202880859}
{'epoch': 7, 'iter': 390, 'avg_loss': 6.286705962227433, 'avg_acc': 49.68829923273657, 'loss': 5.619388103485107}
{'epoch': 7, 'iter': 400, 'avg_loss': 6.272769140781013, 'avg_acc': 49.71165835411471, 'loss': 5.726011753082275}
{'epoch': 7, 'iter': 410, 'avg_loss': 6.254462923156664, 'avg_acc': 49.78710462287105, 'loss': 5.542208671569824}
{'epoch': 7, 'iter': 420, 'avg_loss': 6.234714752704684, 'avg_acc': 49.81814133016627, 'loss': 5.108165264129639}
{'epoch': 7, 'iter': 430, 'avg_loss': 6.224947206935307, 'avg_acc': 49.90211716937355, 'loss': 5.202580451965332}
{'epoch': 7, 'iter': 440, 'avg_loss': 6.210108694305766, 'avg_acc': 49.91496598639456, 'loss': 6.441962718963623}
{'epoch': 7, 'iter': 450, 'avg_loss': 6.202703365994134, 'avg_acc': 49.906457871396896, 'loss': 5.789466381072998}
{'epoch': 7, 'iter': 460, 'avg_loss': 6.195040877625637, 'avg_acc': 49.789859002169194, 'loss': 5.10585880279541}
{'epoch': 7, 'iter': 470, 'avg_loss': 6.188681347354962, 'avg_acc': 49.81422505307855, 'loss': 5.540586471557617}
{'epoch': 7, 'iter': 480, 'avg_loss': 6.183881067684435, 'avg_acc': 49.77910602910603, 'loss': 4.641371250152588}
{'epoch': 7, 'iter': 490, 'avg_loss': 6.170890622614843, 'avg_acc': 49.76451120162933, 'loss': 5.868530750274658}
{'epoch': 7, 'iter': 500, 'avg_loss': 6.15739159955236, 'avg_acc': 49.69748003992016, 'loss': 5.4067606925964355}
{'epoch': 7, 'iter': 510, 'avg_loss': 6.158515100609766, 'avg_acc': 49.67893835616438, 'loss': 6.521634578704834}
{'epoch': 7, 'iter': 520, 'avg_loss': 6.150556416978305, 'avg_acc': 49.72708733205374, 'loss': 5.997575759887695}
{'epoch': 7, 'iter': 530, 'avg_loss': 6.148805577876204, 'avg_acc': 49.78225047080979, 'loss': 5.3148908615112305}
{'epoch': 7, 'iter': 540, 'avg_loss': 6.143483287966405, 'avg_acc': 49.78627541589648, 'loss': 6.019317626953125}
{'epoch': 7, 'iter': 550, 'avg_loss': 6.13503972328726, 'avg_acc': 49.7589609800363, 'loss': 5.306466579437256}
{'epoch': 7, 'iter': 560, 'avg_loss': 6.126495445475859, 'avg_acc': 49.72704991087344, 'loss': 5.045202732086182}
{'epoch': 7, 'iter': 570, 'avg_loss': 6.115978131569831, 'avg_acc': 49.698992994746064, 'loss': 6.372758388519287}
{'epoch': 7, 'iter': 580, 'avg_loss': 6.107317028275455, 'avg_acc': 49.70148450946644, 'loss': 5.809952735900879}
{'epoch': 7, 'iter': 590, 'avg_loss': 6.102578755360973, 'avg_acc': 49.740905245346866, 'loss': 5.721688747406006}
{'epoch': 7, 'iter': 600, 'avg_loss': 6.104624964036481, 'avg_acc': 49.74781613976705, 'loss': 6.801327228546143}
{'epoch': 7, 'iter': 610, 'avg_loss': 6.101540503057052, 'avg_acc': 49.73659983633388, 'loss': 6.116471767425537}
{'epoch': 7, 'iter': 620, 'avg_loss': 6.099067647292034, 'avg_acc': 49.73580917874396, 'loss': 5.9501495361328125}
{'epoch': 7, 'iter': 630, 'avg_loss': 6.091184899470696, 'avg_acc': 49.76723454833598, 'loss': 5.9178972244262695}
{'epoch': 7, 'iter': 640, 'avg_loss': 6.080959076070562, 'avg_acc': 49.74161466458658, 'loss': 5.639366626739502}
{'epoch': 7, 'iter': 650, 'avg_loss': 6.073638439178467, 'avg_acc': 49.71198156682028, 'loss': 5.5633955001831055}
{'epoch': 7, 'iter': 660, 'avg_loss': 6.06364873317655, 'avg_acc': 49.73288577912254, 'loss': 5.232412815093994}
{'epoch': 7, 'iter': 670, 'avg_loss': 6.061096320742111, 'avg_acc': 49.757824143070046, 'loss': 6.0060954093933105}
{'epoch': 7, 'iter': 680, 'avg_loss': 6.062082046979325, 'avg_acc': 49.708608663729805, 'loss': 6.355649948120117}
{'epoch': 7, 'iter': 690, 'avg_loss': 6.068587961486728, 'avg_acc': 49.773878437047756, 'loss': 6.889218807220459}
{'epoch': 7, 'iter': 700, 'avg_loss': 6.071674930556185, 'avg_acc': 49.81722539229672, 'loss': 6.2566704750061035}
{'epoch': 7, 'iter': 710, 'avg_loss': 6.075956635669649, 'avg_acc': 49.854957805907176, 'loss': 5.794012546539307}
{'epoch': 7, 'iter': 720, 'avg_loss': 6.080399846567691, 'avg_acc': 49.84830097087379, 'loss': 5.177231311798096}
{'epoch': 7, 'iter': 730, 'avg_loss': 6.079036549569481, 'avg_acc': 49.82045143638851, 'loss': 5.598968982696533}
{'epoch': 7, 'iter': 740, 'avg_loss': 6.079539945090187, 'avg_acc': 49.81022267206478, 'loss': 5.330113410949707}
{'epoch': 7, 'iter': 750, 'avg_loss': 6.074721905267667, 'avg_acc': 49.748252330226364, 'loss': 5.531474590301514}
{'epoch': 7, 'iter': 760, 'avg_loss': 6.080260947875375, 'avg_acc': 49.753613666228645, 'loss': 7.175047874450684}
EP7_train, avg_loss= 6.082499617057321 total_acc= 49.74127175669319
EP:7 Model Saved on: ./cache/bert/bert.model.all.rpt.ep7
{'epoch': 8, 'iter': 0, 'avg_loss': 7.071084022521973, 'avg_acc': 40.625, 'loss': 7.071084022521973}
{'epoch': 8, 'iter': 10, 'avg_loss': 7.21972825310447, 'avg_acc': 47.44318181818182, 'loss': 7.072697162628174}
{'epoch': 8, 'iter': 20, 'avg_loss': 7.117107345944359, 'avg_acc': 47.91666666666667, 'loss': 7.275875091552734}
{'epoch': 8, 'iter': 30, 'avg_loss': 7.070851925880678, 'avg_acc': 47.07661290322581, 'loss': 7.152783393859863}
{'epoch': 8, 'iter': 40, 'avg_loss': 6.9877704527319935, 'avg_acc': 48.28506097560975, 'loss': 6.688539981842041}
{'epoch': 8, 'iter': 50, 'avg_loss': 7.054248258179309, 'avg_acc': 49.57107843137255, 'loss': 7.185427188873291}
{'epoch': 8, 'iter': 60, 'avg_loss': 7.119873398640117, 'avg_acc': 49.48770491803279, 'loss': 7.4357075691223145}
{'epoch': 8, 'iter': 70, 'avg_loss': 7.1476303893075865, 'avg_acc': 49.84595070422535, 'loss': 7.020138740539551}
{'epoch': 8, 'iter': 80, 'avg_loss': 7.1595219565026555, 'avg_acc': 49.74922839506173, 'loss': 6.486599445343018}
{'epoch': 8, 'iter': 90, 'avg_loss': 7.158115717080923, 'avg_acc': 49.67376373626374, 'loss': 7.237335681915283}
{'epoch': 8, 'iter': 100, 'avg_loss': 7.148434388755572, 'avg_acc': 49.81435643564357, 'loss': 7.439889430999756}
{'epoch': 8, 'iter': 110, 'avg_loss': 7.141791395238928, 'avg_acc': 50.1829954954955, 'loss': 6.877715110778809}
{'epoch': 8, 'iter': 120, 'avg_loss': 7.083882119044785, 'avg_acc': 49.97417355371901, 'loss': 5.616560459136963}
{'epoch': 8, 'iter': 130, 'avg_loss': 7.04671298456556, 'avg_acc': 49.94036259541985, 'loss': 6.91983699798584}
{'epoch': 8, 'iter': 140, 'avg_loss': 7.0111978950229945, 'avg_acc': 50.011081560283685, 'loss': 6.40801477432251}
{'epoch': 8, 'iter': 150, 'avg_loss': 6.958519986133702, 'avg_acc': 49.94826158940398, 'loss': 5.537052154541016}
{'epoch': 8, 'iter': 160, 'avg_loss': 6.898576253689594, 'avg_acc': 49.941770186335404, 'loss': 6.804287433624268}
{'epoch': 8, 'iter': 170, 'avg_loss': 6.873088713974981, 'avg_acc': 49.89948830409357, 'loss': 5.713375568389893}
{'epoch': 8, 'iter': 180, 'avg_loss': 6.832427401569008, 'avg_acc': 49.81871546961326, 'loss': 6.488462924957275}
{'epoch': 8, 'iter': 190, 'avg_loss': 6.794990764238447, 'avg_acc': 49.77912303664922, 'loss': 6.179447174072266}
{'epoch': 8, 'iter': 200, 'avg_loss': 6.771282096407306, 'avg_acc': 49.867848258706466, 'loss': 6.413430213928223}
{'epoch': 8, 'iter': 210, 'avg_loss': 6.754774929787875, 'avg_acc': 49.87411137440758, 'loss': 7.056782245635986}
{'epoch': 8, 'iter': 220, 'avg_loss': 6.745502081392038, 'avg_acc': 49.7737556561086, 'loss': 6.036801338195801}
{'epoch': 8, 'iter': 230, 'avg_loss': 6.721624436316552, 'avg_acc': 49.76325757575758, 'loss': 7.081115245819092}
{'epoch': 8, 'iter': 240, 'avg_loss': 6.676326148242872, 'avg_acc': 49.79253112033195, 'loss': 5.670936107635498}
{'epoch': 8, 'iter': 250, 'avg_loss': 6.637262990275227, 'avg_acc': 49.912848605577686, 'loss': 6.075865268707275}
{'epoch': 8, 'iter': 260, 'avg_loss': 6.615305385370364, 'avg_acc': 49.92816091954023, 'loss': 6.113455295562744}
{'epoch': 8, 'iter': 270, 'avg_loss': 6.5792619627780144, 'avg_acc': 50.0634225092251, 'loss': 5.003743648529053}
{'epoch': 8, 'iter': 280, 'avg_loss': 6.547358254945151, 'avg_acc': 50.122330960854086, 'loss': 5.0375142097473145}
{'epoch': 8, 'iter': 290, 'avg_loss': 6.532603563721647, 'avg_acc': 50.08054123711341, 'loss': 5.492292404174805}
{'epoch': 8, 'iter': 300, 'avg_loss': 6.495510191616426, 'avg_acc': 50.06229235880399, 'loss': 5.377965450286865}
{'epoch': 8, 'iter': 310, 'avg_loss': 6.4725204403377425, 'avg_acc': 50.16579581993569, 'loss': 7.057376384735107}
{'epoch': 8, 'iter': 320, 'avg_loss': 6.441924124863289, 'avg_acc': 50.10221962616822, 'loss': 5.312160968780518}
{'epoch': 8, 'iter': 330, 'avg_loss': 6.42403454650925, 'avg_acc': 50.13217522658611, 'loss': 4.925146102905273}
{'epoch': 8, 'iter': 340, 'avg_loss': 6.402523247727201, 'avg_acc': 50.146627565982406, 'loss': 6.752162933349609}
{'epoch': 8, 'iter': 350, 'avg_loss': 6.384053002055894, 'avg_acc': 50.04451566951567, 'loss': 5.378415107727051}
{'epoch': 8, 'iter': 360, 'avg_loss': 6.367366994186781, 'avg_acc': 49.930747922437675, 'loss': 5.962436199188232}
{'epoch': 8, 'iter': 370, 'avg_loss': 6.3556606030528435, 'avg_acc': 49.962095687331534, 'loss': 6.169226169586182}
{'epoch': 8, 'iter': 380, 'avg_loss': 6.349427389660533, 'avg_acc': 49.9753937007874, 'loss': 6.918461799621582}
{'epoch': 8, 'iter': 390, 'avg_loss': 6.328509867343756, 'avg_acc': 49.896099744245525, 'loss': 4.971928119659424}
{'epoch': 8, 'iter': 400, 'avg_loss': 6.307774994438724, 'avg_acc': 49.906483790523694, 'loss': 5.696803569793701}
{'epoch': 8, 'iter': 410, 'avg_loss': 6.283208055797864, 'avg_acc': 49.908759124087595, 'loss': 5.096973896026611}
{'epoch': 8, 'iter': 420, 'avg_loss': 6.263851006070678, 'avg_acc': 49.91834916864608, 'loss': 4.9145612716674805}
{'epoch': 8, 'iter': 430, 'avg_loss': 6.246804411062785, 'avg_acc': 49.96012180974478, 'loss': 5.183852195739746}
{'epoch': 8, 'iter': 440, 'avg_loss': 6.237955731329193, 'avg_acc': 49.9610260770975, 'loss': 6.356947898864746}
{'epoch': 8, 'iter': 450, 'avg_loss': 6.224848268301683, 'avg_acc': 49.885670731707314, 'loss': 5.164620399475098}
{'epoch': 8, 'iter': 460, 'avg_loss': 6.2111456678642885, 'avg_acc': 49.871203904555315, 'loss': 4.9518632888793945}
{'epoch': 8, 'iter': 470, 'avg_loss': 6.196068814352566, 'avg_acc': 49.79763800424629, 'loss': 5.34419059753418}
{'epoch': 8, 'iter': 480, 'avg_loss': 6.184762178488432, 'avg_acc': 49.81483887733888, 'loss': 5.344577789306641}
{'epoch': 8, 'iter': 490, 'avg_loss': 6.172740361355473, 'avg_acc': 49.780422606924645, 'loss': 6.047060489654541}
{'epoch': 8, 'iter': 500, 'avg_loss': 6.160119195660194, 'avg_acc': 49.840943113772454, 'loss': 5.2581868171691895}
{'epoch': 8, 'iter': 510, 'avg_loss': 6.157946754575009, 'avg_acc': 49.782901174168295, 'loss': 6.5750579833984375}
{'epoch': 8, 'iter': 520, 'avg_loss': 6.153357679692889, 'avg_acc': 49.78107005758157, 'loss': 5.846044540405273}
{'epoch': 8, 'iter': 530, 'avg_loss': 6.148637928756168, 'avg_acc': 49.785193032015066, 'loss': 5.967875003814697}
{'epoch': 8, 'iter': 540, 'avg_loss': 6.145439305719739, 'avg_acc': 49.87869685767098, 'loss': 5.8260273933410645}
{'epoch': 8, 'iter': 550, 'avg_loss': 6.142356358509098, 'avg_acc': 49.895077132486385, 'loss': 6.574183464050293}
{'epoch': 8, 'iter': 560, 'avg_loss': 6.135233257756089, 'avg_acc': 49.86073975044563, 'loss': 6.297569274902344}
{'epoch': 8, 'iter': 570, 'avg_loss': 6.133141655429232, 'avg_acc': 49.87959719789842, 'loss': 6.041101932525635}
{'epoch': 8, 'iter': 580, 'avg_loss': 6.134773424283157, 'avg_acc': 49.892426850258175, 'loss': 6.685749053955078}
{'epoch': 8, 'iter': 590, 'avg_loss': 6.130980227804426, 'avg_acc': 49.94712351945855, 'loss': 6.221953392028809}
{'epoch': 8, 'iter': 600, 'avg_loss': 6.13173946247323, 'avg_acc': 49.92980449251248, 'loss': 5.9482903480529785}
{'epoch': 8, 'iter': 610, 'avg_loss': 6.128729285663161, 'avg_acc': 49.89515139116203, 'loss': 5.161046504974365}
{'epoch': 8, 'iter': 620, 'avg_loss': 6.130184925312773, 'avg_acc': 49.86916264090177, 'loss': 6.229589462280273}
{'epoch': 8, 'iter': 630, 'avg_loss': 6.127411868039477, 'avg_acc': 49.89352218700475, 'loss': 6.168643951416016}
{'epoch': 8, 'iter': 640, 'avg_loss': 6.123720098397289, 'avg_acc': 49.79524180967238, 'loss': 5.6386332511901855}
{'epoch': 8, 'iter': 650, 'avg_loss': 6.116055676098426, 'avg_acc': 49.81998847926267, 'loss': 5.509551048278809}
{'epoch': 8, 'iter': 660, 'avg_loss': 6.108066447022823, 'avg_acc': 49.80852874432678, 'loss': 5.81662654876709}
{'epoch': 8, 'iter': 670, 'avg_loss': 6.105157994300171, 'avg_acc': 49.79741058122206, 'loss': 5.329806804656982}
{'epoch': 8, 'iter': 680, 'avg_loss': 6.1059357759360875, 'avg_acc': 49.80497430249633, 'loss': 6.6335062980651855}
{'epoch': 8, 'iter': 690, 'avg_loss': 6.108620515263029, 'avg_acc': 49.81231910274963, 'loss': 6.3452324867248535}
{'epoch': 8, 'iter': 700, 'avg_loss': 6.110132811242946, 'avg_acc': 49.83728601997147, 'loss': 5.960333824157715}
{'epoch': 8, 'iter': 710, 'avg_loss': 6.112421962614636, 'avg_acc': 49.85056258790436, 'loss': 7.142415523529053}
{'epoch': 8, 'iter': 720, 'avg_loss': 6.117236585127663, 'avg_acc': 49.86563800277393, 'loss': 6.225796699523926}
{'epoch': 8, 'iter': 730, 'avg_loss': 6.113489042065538, 'avg_acc': 49.88243844049248, 'loss': 6.371124267578125}
{'epoch': 8, 'iter': 740, 'avg_loss': 6.11577406135487, 'avg_acc': 49.85239541160594, 'loss': 5.98441743850708}
{'epoch': 8, 'iter': 750, 'avg_loss': 6.114694344537077, 'avg_acc': 49.8418774966711, 'loss': 6.263545989990234}
{'epoch': 8, 'iter': 760, 'avg_loss': 6.116062893034124, 'avg_acc': 49.893232588699085, 'loss': 5.677755832672119}
EP8_train, avg_loss= 6.115403026810491 total_acc= 49.88648681815393
EP:8 Model Saved on: ./cache/bert/bert.model.all.rpt.ep8
{'epoch': 9, 'iter': 0, 'avg_loss': 6.332459926605225, 'avg_acc': 42.1875, 'loss': 6.332459926605225}
{'epoch': 9, 'iter': 10, 'avg_loss': 7.0118937492370605, 'avg_acc': 47.72727272727273, 'loss': 7.293138027191162}
{'epoch': 9, 'iter': 20, 'avg_loss': 6.996081533886137, 'avg_acc': 48.214285714285715, 'loss': 7.130200386047363}
{'epoch': 9, 'iter': 30, 'avg_loss': 7.036401471784038, 'avg_acc': 49.193548387096776, 'loss': 6.934926509857178}
{'epoch': 9, 'iter': 40, 'avg_loss': 6.994909333019722, 'avg_acc': 49.618902439024396, 'loss': 7.591950416564941}
{'epoch': 9, 'iter': 50, 'avg_loss': 7.037861805336148, 'avg_acc': 49.41789215686275, 'loss': 6.945806503295898}
{'epoch': 9, 'iter': 60, 'avg_loss': 7.122887181454018, 'avg_acc': 49.92315573770492, 'loss': 7.878055572509766}
{'epoch': 9, 'iter': 70, 'avg_loss': 7.142042683883452, 'avg_acc': 49.86795774647887, 'loss': 7.650166034698486}
{'epoch': 9, 'iter': 80, 'avg_loss': 7.15636874422615, 'avg_acc': 50.0, 'loss': 7.556562423706055}
{'epoch': 9, 'iter': 90, 'avg_loss': 7.1460105403439025, 'avg_acc': 49.65659340659341, 'loss': 7.638547897338867}
{'epoch': 9, 'iter': 100, 'avg_loss': 7.133242035856341, 'avg_acc': 49.64418316831683, 'loss': 6.803582191467285}
{'epoch': 9, 'iter': 110, 'avg_loss': 7.110865171965178, 'avg_acc': 49.53547297297297, 'loss': 7.051703453063965}
{'epoch': 9, 'iter': 120, 'avg_loss': 7.069843276473116, 'avg_acc': 49.61260330578512, 'loss': 6.684481620788574}
{'epoch': 9, 'iter': 130, 'avg_loss': 7.023532194035654, 'avg_acc': 49.51097328244275, 'loss': 5.967171669006348}
{'epoch': 9, 'iter': 140, 'avg_loss': 6.961901005278242, 'avg_acc': 49.68971631205674, 'loss': 6.2831926345825195}
{'epoch': 9, 'iter': 150, 'avg_loss': 6.9254099391154105, 'avg_acc': 49.82408940397351, 'loss': 6.337396621704102}
{'epoch': 9, 'iter': 160, 'avg_loss': 6.876907016920007, 'avg_acc': 50.0, 'loss': 6.3612823486328125}
{'epoch': 9, 'iter': 170, 'avg_loss': 6.82237057936819, 'avg_acc': 49.86293859649123, 'loss': 6.4808878898620605}
{'epoch': 9, 'iter': 180, 'avg_loss': 6.769768335542627, 'avg_acc': 49.749654696132595, 'loss': 5.986084938049316}
{'epoch': 9, 'iter': 190, 'avg_loss': 6.736717770861081, 'avg_acc': 49.89365183246073, 'loss': 6.20530366897583}
{'epoch': 9, 'iter': 200, 'avg_loss': 6.701855064031497, 'avg_acc': 49.96890547263681, 'loss': 5.756660461425781}
{'epoch': 9, 'iter': 210, 'avg_loss': 6.676421832134373, 'avg_acc': 50.02221563981043, 'loss': 7.470746040344238}
{'epoch': 9, 'iter': 220, 'avg_loss': 6.650041972889619, 'avg_acc': 49.87980769230769, 'loss': 5.440626621246338}
{'epoch': 9, 'iter': 230, 'avg_loss': 6.636139448586997, 'avg_acc': 49.932359307359306, 'loss': 6.122007846832275}
{'epoch': 9, 'iter': 240, 'avg_loss': 6.605558498271768, 'avg_acc': 50.019450207468886, 'loss': 5.295404434204102}
{'epoch': 9, 'iter': 250, 'avg_loss': 6.5784343875261895, 'avg_acc': 49.912848605577686, 'loss': 5.796960830688477}
{'epoch': 9, 'iter': 260, 'avg_loss': 6.5489405507785605, 'avg_acc': 49.98802681992337, 'loss': 5.8941779136657715}
{'epoch': 9, 'iter': 270, 'avg_loss': 6.520641274117896, 'avg_acc': 50.086485239852394, 'loss': 5.114542484283447}
{'epoch': 9, 'iter': 280, 'avg_loss': 6.497098245654666, 'avg_acc': 50.072286476868335, 'loss': 5.740518093109131}
{'epoch': 9, 'iter': 290, 'avg_loss': 6.465386061324287, 'avg_acc': 50.128865979381445, 'loss': 5.962538242340088}
{'epoch': 9, 'iter': 300, 'avg_loss': 6.438410185500237, 'avg_acc': 50.10901162790697, 'loss': 5.113616943359375}
{'epoch': 9, 'iter': 310, 'avg_loss': 6.4180261237828296, 'avg_acc': 50.15574758842444, 'loss': 5.958109378814697}
{'epoch': 9, 'iter': 320, 'avg_loss': 6.389685918980298, 'avg_acc': 50.2482476635514, 'loss': 5.683995723724365}
{'epoch': 9, 'iter': 330, 'avg_loss': 6.373760243557011, 'avg_acc': 50.25490936555891, 'loss': 6.27619743347168}
{'epoch': 9, 'iter': 340, 'avg_loss': 6.351489943842734, 'avg_acc': 50.18786656891495, 'loss': 6.243189334869385}
{'epoch': 9, 'iter': 350, 'avg_loss': 6.338036326601295, 'avg_acc': 50.20477207977208, 'loss': 4.810664176940918}
{'epoch': 9, 'iter': 360, 'avg_loss': 6.3278633141451595, 'avg_acc': 50.164473684210535, 'loss': 5.97738790512085}
{'epoch': 9, 'iter': 370, 'avg_loss': 6.307215540235576, 'avg_acc': 50.172675202156334, 'loss': 5.235544681549072}
{'epoch': 9, 'iter': 380, 'avg_loss': 6.2895579801143935, 'avg_acc': 50.20095144356955, 'loss': 5.0697712898254395}
{'epoch': 9, 'iter': 390, 'avg_loss': 6.273322989568686, 'avg_acc': 50.13187340153452, 'loss': 4.8692121505737305}
{'epoch': 9, 'iter': 400, 'avg_loss': 6.255862974466528, 'avg_acc': 50.08961970074813, 'loss': 5.841765403747559}
{'epoch': 9, 'iter': 410, 'avg_loss': 6.238283416070497, 'avg_acc': 50.121654501216554, 'loss': 6.161313533782959}
{'epoch': 9, 'iter': 420, 'avg_loss': 6.218553740168411, 'avg_acc': 50.12989904988123, 'loss': 4.897802352905273}
{'epoch': 9, 'iter': 430, 'avg_loss': 6.210525147599577, 'avg_acc': 50.126885150812065, 'loss': 4.955212116241455}
{'epoch': 9, 'iter': 440, 'avg_loss': 6.192668440120291, 'avg_acc': 50.18778344671202, 'loss': 5.291521072387695}
{'epoch': 9, 'iter': 450, 'avg_loss': 6.181544599934851, 'avg_acc': 50.15590354767184, 'loss': 5.8611674308776855}
{'epoch': 9, 'iter': 460, 'avg_loss': 6.1696410820437615, 'avg_acc': 50.15252169197397, 'loss': 5.728754043579102}
{'epoch': 9, 'iter': 470, 'avg_loss': 6.161214573368145, 'avg_acc': 50.19240976645435, 'loss': 5.694771766662598}
{'epoch': 9, 'iter': 480, 'avg_loss': 6.149890600271879, 'avg_acc': 50.18191268191268, 'loss': 5.307873725891113}
{'epoch': 9, 'iter': 490, 'avg_loss': 6.134764570325553, 'avg_acc': 50.13365580448065, 'loss': 5.345961093902588}
{'epoch': 9, 'iter': 500, 'avg_loss': 6.124311301522626, 'avg_acc': 50.14658183632734, 'loss': 5.104709625244141}
{'epoch': 9, 'iter': 510, 'avg_loss': 6.11958725625055, 'avg_acc': 50.15594422700587, 'loss': 5.495522975921631}
{'epoch': 9, 'iter': 520, 'avg_loss': 6.1166896902439465, 'avg_acc': 50.164947216890596, 'loss': 6.709358215332031}
{'epoch': 9, 'iter': 530, 'avg_loss': 6.113631102998378, 'avg_acc': 50.22069209039548, 'loss': 6.016860485076904}
{'epoch': 9, 'iter': 540, 'avg_loss': 6.11259105068919, 'avg_acc': 50.19639556377079, 'loss': 5.724618911743164}
{'epoch': 9, 'iter': 550, 'avg_loss': 6.104652383150077, 'avg_acc': 50.1105943738657, 'loss': 5.843040943145752}
{'epoch': 9, 'iter': 560, 'avg_loss': 6.098298181612011, 'avg_acc': 50.15318627450981, 'loss': 5.2584943771362305}
{'epoch': 9, 'iter': 570, 'avg_loss': 6.092741595467001, 'avg_acc': 50.12040280210157, 'loss': 5.6532721519470215}
{'epoch': 9, 'iter': 580, 'avg_loss': 6.090837071561567, 'avg_acc': 50.18825301204819, 'loss': 6.511935234069824}
{'epoch': 9, 'iter': 590, 'avg_loss': 6.0833174185906165, 'avg_acc': 50.20621827411168, 'loss': 6.472402572631836}
{'epoch': 9, 'iter': 600, 'avg_loss': 6.082848840069255, 'avg_acc': 50.213186356073216, 'loss': 6.360435485839844}
{'epoch': 9, 'iter': 610, 'avg_loss': 6.080194573160474, 'avg_acc': 50.24805646481178, 'loss': 6.146615028381348}
{'epoch': 9, 'iter': 620, 'avg_loss': 6.080488906006498, 'avg_acc': 50.233997584541065, 'loss': 6.3426995277404785}
{'epoch': 9, 'iter': 630, 'avg_loss': 6.07344817283981, 'avg_acc': 50.245146592709986, 'loss': 5.667019367218018}
{'epoch': 9, 'iter': 640, 'avg_loss': 6.062996207458925, 'avg_acc': 50.28763650546022, 'loss': 5.0451459884643555}
{'epoch': 9, 'iter': 650, 'avg_loss': 6.051241854185699, 'avg_acc': 50.30241935483871, 'loss': 6.135850429534912}
{'epoch': 9, 'iter': 660, 'avg_loss': 6.041112463340817, 'avg_acc': 50.25529500756429, 'loss': 4.5952348709106445}
{'epoch': 9, 'iter': 670, 'avg_loss': 6.037410627356585, 'avg_acc': 50.17231743666169, 'loss': 5.457751274108887}
{'epoch': 9, 'iter': 680, 'avg_loss': 6.039133905839289, 'avg_acc': 50.19961453744494, 'loss': 6.625691890716553}
{'epoch': 9, 'iter': 690, 'avg_loss': 6.0368233230800605, 'avg_acc': 50.18768089725037, 'loss': 6.51279354095459}
{'epoch': 9, 'iter': 700, 'avg_loss': 6.039755012441463, 'avg_acc': 50.205064194008564, 'loss': 5.777547836303711}
{'epoch': 9, 'iter': 710, 'avg_loss': 6.040083723564524, 'avg_acc': 50.16701828410689, 'loss': 6.378497123718262}
{'epoch': 9, 'iter': 720, 'avg_loss': 6.041955329508788, 'avg_acc': 50.18854022191401, 'loss': 5.816003322601318}
{'epoch': 9, 'iter': 730, 'avg_loss': 6.044677371039437, 'avg_acc': 50.17741108071135, 'loss': 6.745065212249756}
{'epoch': 9, 'iter': 740, 'avg_loss': 6.046972182115563, 'avg_acc': 50.164473684210535, 'loss': 4.620171070098877}
{'epoch': 9, 'iter': 750, 'avg_loss': 6.0473468281457645, 'avg_acc': 50.17476697736352, 'loss': 6.388449668884277}
{'epoch': 9, 'iter': 760, 'avg_loss': 6.045730111476783, 'avg_acc': 50.22380091984231, 'loss': 5.958520889282227}
EP9_train, avg_loss= 6.044549812821193 total_acc= 50.23827541774896
EP:9 Model Saved on: ./cache/bert/bert.model.all.rpt.ep9
Loading Vocab ./cache/bert/vocab.all
Vocab Size:  3813
Loading Train Dataset ./cache/bert/corpus.all
Loading Test Dataset None
Creating Dataloader
Building BERT model
Creating BERT Trainer
