Loading Vocab cache/vocab.small
Vocab Size:  2337
Loading Train Dataset cache/corpus.small
Loading Test Dataset None
Creating Dataloader
Building BERT model
Creating BERT Trainer
Total Parameters: 187469
Training Start
Loading Vocab cache/vocab.small
Vocab Size:  2337
Loading Train Dataset cache/corpus.small
Loading Test Dataset None
Creating Dataloader
Building BERT model
Creating BERT Trainer
Total Parameters: 187469
Training Start
Loading Vocab cache/vocab.small
Vocab Size:  2337
Loading Train Dataset cache/corpus.small
Loading Test Dataset None
Creating Dataloader
Building BERT model
Creating BERT Trainer
Total Parameters: 187469
Training Start
Loading Vocab cache/vocab.small
Vocab Size:  2337
Loading Train Dataset cache/corpus.small
Loading Test Dataset None
Creating Dataloader
Building BERT model
Creating BERT Trainer
Total Parameters: 187469
Training Start
{'epoch': 0, 'iter': 0, 'avg_loss': 9.554957389831543, 'avg_acc': 51.5625, 'loss': 9.554957389831543}
{'epoch': 0, 'iter': 10, 'avg_loss': 9.657067558982156, 'avg_acc': 47.72727272727273, 'loss': 9.244230270385742}
{'epoch': 0, 'iter': 20, 'avg_loss': 9.541099048796154, 'avg_acc': 49.851190476190474, 'loss': 9.806550025939941}
{'epoch': 0, 'iter': 30, 'avg_loss': 9.532636119473365, 'avg_acc': 49.64717741935484, 'loss': 9.556636810302734}
{'epoch': 0, 'iter': 40, 'avg_loss': 9.511644456444717, 'avg_acc': 49.50457317073171, 'loss': 9.52147102355957}
{'epoch': 0, 'iter': 50, 'avg_loss': 9.508132485782399, 'avg_acc': 49.356617647058826, 'loss': 9.666131019592285}
{'epoch': 0, 'iter': 60, 'avg_loss': 9.497124015307817, 'avg_acc': 49.61577868852459, 'loss': 8.800482749938965}
{'epoch': 0, 'iter': 70, 'avg_loss': 9.47685273936097, 'avg_acc': 49.88996478873239, 'loss': 9.520427703857422}
{'epoch': 0, 'iter': 80, 'avg_loss': 9.470798351146557, 'avg_acc': 49.74922839506173, 'loss': 9.478282928466797}
{'epoch': 0, 'iter': 90, 'avg_loss': 9.448898912786127, 'avg_acc': 49.81112637362637, 'loss': 9.351653099060059}
{'epoch': 0, 'iter': 100, 'avg_loss': 9.413094973800206, 'avg_acc': 49.69059405940594, 'loss': 9.203900337219238}
{'epoch': 0, 'iter': 110, 'avg_loss': 9.380130750638944, 'avg_acc': 49.83108108108108, 'loss': 9.514382362365723}
{'epoch': 0, 'iter': 120, 'avg_loss': 9.34961994423354, 'avg_acc': 49.80630165289256, 'loss': 8.952850341796875}
{'epoch': 0, 'iter': 130, 'avg_loss': 9.32000083049745, 'avg_acc': 50.0, 'loss': 9.30431842803955}
{'epoch': 0, 'iter': 140, 'avg_loss': 9.294603361305615, 'avg_acc': 50.11081560283688, 'loss': 8.8654146194458}
{'epoch': 0, 'iter': 150, 'avg_loss': 9.265586410926668, 'avg_acc': 50.04139072847682, 'loss': 8.559139251708984}
{'epoch': 0, 'iter': 160, 'avg_loss': 9.244419607316486, 'avg_acc': 50.16498447204969, 'loss': 8.813741683959961}
{'epoch': 0, 'iter': 170, 'avg_loss': 9.214156914872733, 'avg_acc': 50.12792397660819, 'loss': 8.267946243286133}
{'epoch': 0, 'iter': 180, 'avg_loss': 9.187372602810518, 'avg_acc': 50.26761049723757, 'loss': 8.869891166687012}
{'epoch': 0, 'iter': 190, 'avg_loss': 9.161055579859548, 'avg_acc': 50.245418848167546, 'loss': 8.631836891174316}
{'epoch': 0, 'iter': 200, 'avg_loss': 9.132231347003387, 'avg_acc': 50.21766169154229, 'loss': 8.300628662109375}
EP0_train, avg_loss= 9.121833331410478 total_acc= 50.22928767960868
EP:0 Model Saved on: cache/bert.model.small.1.ep0
{'epoch': 1, 'iter': 0, 'avg_loss': 8.498632431030273, 'avg_acc': 57.8125, 'loss': 8.498632431030273}
{'epoch': 1, 'iter': 10, 'avg_loss': 8.591195539994674, 'avg_acc': 50.71022727272727, 'loss': 8.548724174499512}
{'epoch': 1, 'iter': 20, 'avg_loss': 8.63295655023484, 'avg_acc': 51.19047619047619, 'loss': 8.161035537719727}
{'epoch': 1, 'iter': 30, 'avg_loss': 8.59564922701928, 'avg_acc': 51.00806451612904, 'loss': 8.664719581604004}
{'epoch': 1, 'iter': 40, 'avg_loss': 8.581475839382264, 'avg_acc': 51.21951219512195, 'loss': 8.444175720214844}
{'epoch': 1, 'iter': 50, 'avg_loss': 8.55025826248468, 'avg_acc': 51.07230392156863, 'loss': 8.013994216918945}
{'epoch': 1, 'iter': 60, 'avg_loss': 8.521458485087411, 'avg_acc': 51.66495901639344, 'loss': 8.212430000305176}
{'epoch': 1, 'iter': 70, 'avg_loss': 8.505302751568001, 'avg_acc': 51.43045774647887, 'loss': 8.420269966125488}
{'epoch': 1, 'iter': 80, 'avg_loss': 8.514060373659488, 'avg_acc': 51.253858024691354, 'loss': 8.545736312866211}
{'epoch': 1, 'iter': 90, 'avg_loss': 8.502694150903723, 'avg_acc': 51.32211538461539, 'loss': 8.750357627868652}
{'epoch': 1, 'iter': 100, 'avg_loss': 8.49379327037547, 'avg_acc': 51.31497524752475, 'loss': 8.22062873840332}
{'epoch': 1, 'iter': 110, 'avg_loss': 8.471634289165875, 'avg_acc': 51.238738738738746, 'loss': 8.403494834899902}
{'epoch': 1, 'iter': 120, 'avg_loss': 8.444914250334433, 'avg_acc': 51.49793388429752, 'loss': 8.10901927947998}
{'epoch': 1, 'iter': 130, 'avg_loss': 8.416347714780851, 'avg_acc': 51.62213740458015, 'loss': 8.11821174621582}
{'epoch': 1, 'iter': 140, 'avg_loss': 8.398934759992235, 'avg_acc': 51.67331560283688, 'loss': 8.193286895751953}
{'epoch': 1, 'iter': 150, 'avg_loss': 8.384042086190735, 'avg_acc': 51.5521523178808, 'loss': 8.09097957611084}
{'epoch': 1, 'iter': 160, 'avg_loss': 8.360631542916623, 'avg_acc': 51.5333850931677, 'loss': 8.007172584533691}
{'epoch': 1, 'iter': 170, 'avg_loss': 8.342074990969651, 'avg_acc': 51.57163742690059, 'loss': 8.07573127746582}
{'epoch': 1, 'iter': 180, 'avg_loss': 8.323834279624139, 'avg_acc': 51.44164364640884, 'loss': 7.6529717445373535}
{'epoch': 1, 'iter': 190, 'avg_loss': 8.296428340891893, 'avg_acc': 51.36616492146597, 'loss': 7.901219367980957}
{'epoch': 1, 'iter': 200, 'avg_loss': 8.285806347481646, 'avg_acc': 51.32929104477611, 'loss': 8.287199974060059}
EP1_train, avg_loss= 8.280188732612423 total_acc= 51.352797309691226
EP:1 Model Saved on: cache/bert.model.small.1.ep1
{'epoch': 2, 'iter': 0, 'avg_loss': 8.205695152282715, 'avg_acc': 59.375, 'loss': 8.205695152282715}
{'epoch': 2, 'iter': 10, 'avg_loss': 7.9492293271151455, 'avg_acc': 49.28977272727273, 'loss': 7.986359596252441}
{'epoch': 2, 'iter': 20, 'avg_loss': 7.906116417476109, 'avg_acc': 50.22321428571429, 'loss': 7.548083782196045}
{'epoch': 2, 'iter': 30, 'avg_loss': 7.918022201907251, 'avg_acc': 50.25201612903226, 'loss': 7.693188667297363}
{'epoch': 2, 'iter': 40, 'avg_loss': 7.9050199345844545, 'avg_acc': 50.34298780487805, 'loss': 7.993683815002441}
{'epoch': 2, 'iter': 50, 'avg_loss': 7.910162102942373, 'avg_acc': 50.245098039215684, 'loss': 8.41773796081543}
{'epoch': 2, 'iter': 60, 'avg_loss': 7.890023770879527, 'avg_acc': 49.795081967213115, 'loss': 7.807808876037598}
{'epoch': 2, 'iter': 70, 'avg_loss': 7.883618025712564, 'avg_acc': 49.82394366197183, 'loss': 7.875497341156006}
{'epoch': 2, 'iter': 80, 'avg_loss': 7.854946224777787, 'avg_acc': 49.74922839506173, 'loss': 7.5916266441345215}
{'epoch': 2, 'iter': 90, 'avg_loss': 7.831612094418033, 'avg_acc': 50.15453296703297, 'loss': 7.939301490783691}
{'epoch': 2, 'iter': 100, 'avg_loss': 7.807780091125186, 'avg_acc': 50.525990099009896, 'loss': 8.060958862304688}
{'epoch': 2, 'iter': 110, 'avg_loss': 7.783985829568124, 'avg_acc': 50.8445945945946, 'loss': 7.857563018798828}
{'epoch': 2, 'iter': 120, 'avg_loss': 7.7628091189486925, 'avg_acc': 50.86518595041323, 'loss': 7.268710136413574}
{'epoch': 2, 'iter': 130, 'avg_loss': 7.730281152798019, 'avg_acc': 50.906488549618324, 'loss': 7.5954060554504395}
{'epoch': 2, 'iter': 140, 'avg_loss': 7.71111594531553, 'avg_acc': 50.80895390070922, 'loss': 7.327960014343262}
{'epoch': 2, 'iter': 150, 'avg_loss': 7.688557432187314, 'avg_acc': 50.796771523178805, 'loss': 6.609248638153076}
{'epoch': 2, 'iter': 160, 'avg_loss': 7.671052473672429, 'avg_acc': 50.621118012422365, 'loss': 7.267054557800293}
{'epoch': 2, 'iter': 170, 'avg_loss': 7.645879778945655, 'avg_acc': 50.520833333333336, 'loss': 6.8826727867126465}
{'epoch': 2, 'iter': 180, 'avg_loss': 7.631473014367878, 'avg_acc': 50.699240331491715, 'loss': 7.313063621520996}
{'epoch': 2, 'iter': 190, 'avg_loss': 7.598864073528669, 'avg_acc': 50.687172774869104, 'loss': 6.279845714569092}
{'epoch': 2, 'iter': 200, 'avg_loss': 7.574886374212616, 'avg_acc': 50.73072139303483, 'loss': 7.107518196105957}
EP2_train, avg_loss= 7.5740112420989245 total_acc= 50.710791806786915
EP:2 Model Saved on: cache/bert.model.small.1.ep2
{'epoch': 3, 'iter': 0, 'avg_loss': 7.342843055725098, 'avg_acc': 46.875, 'loss': 7.342843055725098}
{'epoch': 3, 'iter': 10, 'avg_loss': 7.161412325772372, 'avg_acc': 50.28409090909091, 'loss': 6.437945365905762}
{'epoch': 3, 'iter': 20, 'avg_loss': 7.0688424337477915, 'avg_acc': 50.22321428571429, 'loss': 7.034732341766357}
{'epoch': 3, 'iter': 30, 'avg_loss': 7.0160969303500265, 'avg_acc': 49.34475806451613, 'loss': 7.0688276290893555}
{'epoch': 3, 'iter': 40, 'avg_loss': 7.056962490081787, 'avg_acc': 50.22865853658537, 'loss': 7.258094787597656}
{'epoch': 3, 'iter': 50, 'avg_loss': 7.000943726184321, 'avg_acc': 50.03063725490197, 'loss': 6.98874044418335}
{'epoch': 3, 'iter': 60, 'avg_loss': 6.985145787723729, 'avg_acc': 50.17930327868852, 'loss': 5.785492897033691}
{'epoch': 3, 'iter': 70, 'avg_loss': 6.938321341930981, 'avg_acc': 49.75792253521127, 'loss': 6.8857245445251465}
{'epoch': 3, 'iter': 80, 'avg_loss': 6.922801783055435, 'avg_acc': 49.2283950617284, 'loss': 6.809108734130859}
{'epoch': 3, 'iter': 90, 'avg_loss': 6.909134917206817, 'avg_acc': 49.55357142857143, 'loss': 6.624798774719238}
{'epoch': 3, 'iter': 100, 'avg_loss': 6.9033708572387695, 'avg_acc': 49.89170792079208, 'loss': 6.708751201629639}
{'epoch': 3, 'iter': 110, 'avg_loss': 6.886558515531522, 'avg_acc': 49.95777027027027, 'loss': 7.561520099639893}
{'epoch': 3, 'iter': 120, 'avg_loss': 6.880060574239936, 'avg_acc': 50.16787190082644, 'loss': 6.760756492614746}
{'epoch': 3, 'iter': 130, 'avg_loss': 6.86743140402641, 'avg_acc': 50.29818702290076, 'loss': 6.230637550354004}
{'epoch': 3, 'iter': 140, 'avg_loss': 6.840168269813484, 'avg_acc': 50.443262411347526, 'loss': 7.1888017654418945}
{'epoch': 3, 'iter': 150, 'avg_loss': 6.833034982744431, 'avg_acc': 50.3828642384106, 'loss': 6.390448570251465}
{'epoch': 3, 'iter': 160, 'avg_loss': 6.818140453433398, 'avg_acc': 50.61141304347826, 'loss': 6.56141471862793}
{'epoch': 3, 'iter': 170, 'avg_loss': 6.803140824301201, 'avg_acc': 50.45687134502924, 'loss': 6.062918663024902}
{'epoch': 3, 'iter': 180, 'avg_loss': 6.793418649810453, 'avg_acc': 50.431629834254146, 'loss': 6.756042957305908}
{'epoch': 3, 'iter': 190, 'avg_loss': 6.775684848505789, 'avg_acc': 50.25359947643979, 'loss': 6.429581165313721}
{'epoch': 3, 'iter': 200, 'avg_loss': 6.759742452137506, 'avg_acc': 50.27207711442786, 'loss': 6.698732376098633}
EP3_train, avg_loss= 6.754923971687875 total_acc= 50.24457352491593
EP:3 Model Saved on: cache/bert.model.small.1.ep3
{'epoch': 4, 'iter': 0, 'avg_loss': 6.347836971282959, 'avg_acc': 50.0, 'loss': 6.347836971282959}
{'epoch': 4, 'iter': 10, 'avg_loss': 6.159238078377464, 'avg_acc': 51.27840909090909, 'loss': 5.786259174346924}
{'epoch': 4, 'iter': 20, 'avg_loss': 6.251865863800049, 'avg_acc': 52.67857142857143, 'loss': 5.525312423706055}
{'epoch': 4, 'iter': 30, 'avg_loss': 6.251424727901336, 'avg_acc': 51.81451612903226, 'loss': 6.309340953826904}
{'epoch': 4, 'iter': 40, 'avg_loss': 6.133046219988567, 'avg_acc': 51.02896341463414, 'loss': 5.656588077545166}
{'epoch': 4, 'iter': 50, 'avg_loss': 6.102511985629213, 'avg_acc': 50.27573529411765, 'loss': 5.6177568435668945}
{'epoch': 4, 'iter': 60, 'avg_loss': 6.147211246803159, 'avg_acc': 50.17930327868852, 'loss': 6.086284160614014}
{'epoch': 4, 'iter': 70, 'avg_loss': 6.167757699187373, 'avg_acc': 50.0, 'loss': 5.96121883392334}
{'epoch': 4, 'iter': 80, 'avg_loss': 6.1265018074600786, 'avg_acc': 50.46296296296296, 'loss': 5.096301555633545}
{'epoch': 4, 'iter': 90, 'avg_loss': 6.110207683437473, 'avg_acc': 50.36057692307693, 'loss': 7.258172035217285}
{'epoch': 4, 'iter': 100, 'avg_loss': 6.093078872945049, 'avg_acc': 49.87623762376238, 'loss': 5.837344646453857}
{'epoch': 4, 'iter': 110, 'avg_loss': 6.093720255671321, 'avg_acc': 49.859234234234236, 'loss': 6.819121837615967}
{'epoch': 4, 'iter': 120, 'avg_loss': 6.109449634867266, 'avg_acc': 49.883780991735534, 'loss': 6.751663684844971}
{'epoch': 4, 'iter': 130, 'avg_loss': 6.091520433207505, 'avg_acc': 50.166984732824424, 'loss': 5.909430980682373}
{'epoch': 4, 'iter': 140, 'avg_loss': 6.0755248999764735, 'avg_acc': 49.84485815602837, 'loss': 4.829395294189453}
{'epoch': 4, 'iter': 150, 'avg_loss': 6.096944485279108, 'avg_acc': 49.97930463576159, 'loss': 5.715970516204834}
{'epoch': 4, 'iter': 160, 'avg_loss': 6.109050168754151, 'avg_acc': 49.80590062111801, 'loss': 5.916109561920166}
{'epoch': 4, 'iter': 170, 'avg_loss': 6.105252423481635, 'avg_acc': 49.97258771929825, 'loss': 5.796070575714111}
{'epoch': 4, 'iter': 180, 'avg_loss': 6.114013351788178, 'avg_acc': 49.99136740331492, 'loss': 7.5646586418151855}
{'epoch': 4, 'iter': 190, 'avg_loss': 6.091936173863436, 'avg_acc': 50.07362565445026, 'loss': 6.2454352378845215}
{'epoch': 4, 'iter': 200, 'avg_loss': 6.093214478658799, 'avg_acc': 50.23320895522389, 'loss': 5.266320705413818}
EP4_train, avg_loss= 6.086975474473907 total_acc= 50.20635891164781
EP:4 Model Saved on: cache/bert.model.small.1.ep4
{'epoch': 5, 'iter': 0, 'avg_loss': 6.778671741485596, 'avg_acc': 50.0, 'loss': 6.778671741485596}
{'epoch': 5, 'iter': 10, 'avg_loss': 5.9102257381786, 'avg_acc': 45.88068181818182, 'loss': 6.0587029457092285}
{'epoch': 5, 'iter': 20, 'avg_loss': 5.832054501488095, 'avg_acc': 47.842261904761905, 'loss': 5.698688983917236}
{'epoch': 5, 'iter': 30, 'avg_loss': 5.823204686564784, 'avg_acc': 48.336693548387096, 'loss': 5.569718360900879}
{'epoch': 5, 'iter': 40, 'avg_loss': 5.768644623640107, 'avg_acc': 48.97103658536585, 'loss': 6.285409927368164}
{'epoch': 5, 'iter': 50, 'avg_loss': 5.766716629851098, 'avg_acc': 49.66299019607843, 'loss': 6.2348151206970215}
{'epoch': 5, 'iter': 60, 'avg_loss': 5.7904652532984, 'avg_acc': 49.41086065573771, 'loss': 5.9679694175720215}
{'epoch': 5, 'iter': 70, 'avg_loss': 5.757805381022709, 'avg_acc': 49.22975352112676, 'loss': 5.686860084533691}
{'epoch': 5, 'iter': 80, 'avg_loss': 5.748027465961598, 'avg_acc': 49.67206790123457, 'loss': 5.3705949783325195}
{'epoch': 5, 'iter': 90, 'avg_loss': 5.733479400257488, 'avg_acc': 49.65659340659341, 'loss': 5.705754280090332}
{'epoch': 5, 'iter': 100, 'avg_loss': 5.745197215882858, 'avg_acc': 49.79888613861386, 'loss': 5.172464847564697}
{'epoch': 5, 'iter': 110, 'avg_loss': 5.754750573957288, 'avg_acc': 49.718468468468465, 'loss': 5.651321887969971}
{'epoch': 5, 'iter': 120, 'avg_loss': 5.74360448663885, 'avg_acc': 49.664256198347104, 'loss': 6.017882823944092}
{'epoch': 5, 'iter': 130, 'avg_loss': 5.742501444488991, 'avg_acc': 50.035782442748086, 'loss': 5.359602928161621}
{'epoch': 5, 'iter': 140, 'avg_loss': 5.7461419443712165, 'avg_acc': 49.988918439716315, 'loss': 5.331749439239502}
{'epoch': 5, 'iter': 150, 'avg_loss': 5.772412319057035, 'avg_acc': 49.9896523178808, 'loss': 4.695113658905029}
{'epoch': 5, 'iter': 160, 'avg_loss': 5.781204173283547, 'avg_acc': 49.932065217391305, 'loss': 5.843975067138672}
{'epoch': 5, 'iter': 170, 'avg_loss': 5.809129279956483, 'avg_acc': 49.8812134502924, 'loss': 5.85166072845459}
{'epoch': 5, 'iter': 180, 'avg_loss': 5.810293015854135, 'avg_acc': 49.9482044198895, 'loss': 5.668382167816162}
{'epoch': 5, 'iter': 190, 'avg_loss': 5.792944229086032, 'avg_acc': 50.08998691099477, 'loss': 5.785604476928711}
{'epoch': 5, 'iter': 200, 'avg_loss': 5.800419909444021, 'avg_acc': 50.01554726368159, 'loss': 6.7597174644470215}
EP5_train, avg_loss= 5.813655115918415 total_acc= 49.99235707734638
EP:5 Model Saved on: cache/bert.model.small.1.ep5
{'epoch': 6, 'iter': 0, 'avg_loss': 7.071924209594727, 'avg_acc': 42.1875, 'loss': 7.071924209594727}
{'epoch': 6, 'iter': 10, 'avg_loss': 5.593556924299761, 'avg_acc': 50.56818181818182, 'loss': 5.245874404907227}
{'epoch': 6, 'iter': 20, 'avg_loss': 5.602544829958961, 'avg_acc': 50.520833333333336, 'loss': 5.750992774963379}
{'epoch': 6, 'iter': 30, 'avg_loss': 5.653054529620755, 'avg_acc': 51.41129032258065, 'loss': 5.061321258544922}
{'epoch': 6, 'iter': 40, 'avg_loss': 5.698315934437077, 'avg_acc': 51.48628048780488, 'loss': 5.214993000030518}
{'epoch': 6, 'iter': 50, 'avg_loss': 5.648678517809101, 'avg_acc': 50.888480392156865, 'loss': 5.146408557891846}
{'epoch': 6, 'iter': 60, 'avg_loss': 5.641498815817911, 'avg_acc': 50.870901639344254, 'loss': 5.262187957763672}
{'epoch': 6, 'iter': 70, 'avg_loss': 5.648673165012413, 'avg_acc': 50.74823943661971, 'loss': 5.700520038604736}
{'epoch': 6, 'iter': 80, 'avg_loss': 5.6611033251256115, 'avg_acc': 50.482253086419746, 'loss': 6.3727803230285645}
{'epoch': 6, 'iter': 90, 'avg_loss': 5.664868192358331, 'avg_acc': 50.532280219780226, 'loss': 5.565966606140137}
{'epoch': 6, 'iter': 100, 'avg_loss': 5.6921559938109745, 'avg_acc': 50.34034653465347, 'loss': 5.464175701141357}
{'epoch': 6, 'iter': 110, 'avg_loss': 5.697877226649104, 'avg_acc': 50.126689189189186, 'loss': 6.316828727722168}
{'epoch': 6, 'iter': 120, 'avg_loss': 5.69939565264489, 'avg_acc': 50.15495867768595, 'loss': 6.047379970550537}
{'epoch': 6, 'iter': 130, 'avg_loss': 5.700396828979026, 'avg_acc': 50.286259541984734, 'loss': 5.279192924499512}
{'epoch': 6, 'iter': 140, 'avg_loss': 5.722637020949776, 'avg_acc': 50.0886524822695, 'loss': 5.626348972320557}
{'epoch': 6, 'iter': 150, 'avg_loss': 5.739347821039869, 'avg_acc': 49.95860927152318, 'loss': 5.243391036987305}
{'epoch': 6, 'iter': 160, 'avg_loss': 5.743389624246159, 'avg_acc': 49.82531055900621, 'loss': 5.437331199645996}
{'epoch': 6, 'iter': 170, 'avg_loss': 5.751945646185624, 'avg_acc': 49.61622807017544, 'loss': 5.547554016113281}
{'epoch': 6, 'iter': 180, 'avg_loss': 5.755790852710028, 'avg_acc': 49.55110497237569, 'loss': 5.494538307189941}
{'epoch': 6, 'iter': 190, 'avg_loss': 5.757929662135259, 'avg_acc': 49.648232984293195, 'loss': 5.531525611877441}
{'epoch': 6, 'iter': 200, 'avg_loss': 5.774121841981043, 'avg_acc': 49.68905472636816, 'loss': 6.145759582519531}
EP6_train, avg_loss= 5.783787120260843 total_acc= 49.701926016508715
EP:6 Model Saved on: cache/bert.model.small.1.ep6
{'epoch': 7, 'iter': 0, 'avg_loss': 5.808191299438477, 'avg_acc': 56.25, 'loss': 5.808191299438477}
{'epoch': 7, 'iter': 10, 'avg_loss': 5.420155741951683, 'avg_acc': 49.00568181818182, 'loss': 5.140341281890869}
{'epoch': 7, 'iter': 20, 'avg_loss': 5.555987358093262, 'avg_acc': 49.107142857142854, 'loss': 5.722686767578125}
{'epoch': 7, 'iter': 30, 'avg_loss': 5.5604888700669814, 'avg_acc': 49.29435483870967, 'loss': 5.184391021728516}
{'epoch': 7, 'iter': 40, 'avg_loss': 5.543867018164658, 'avg_acc': 50.266768292682926, 'loss': 6.0570197105407715}
{'epoch': 7, 'iter': 50, 'avg_loss': 5.524834081238391, 'avg_acc': 50.36764705882353, 'loss': 4.720341682434082}
{'epoch': 7, 'iter': 60, 'avg_loss': 5.521787565262591, 'avg_acc': 50.614754098360656, 'loss': 5.612060070037842}
{'epoch': 7, 'iter': 70, 'avg_loss': 5.519179411337409, 'avg_acc': 50.70422535211267, 'loss': 5.996760845184326}
{'epoch': 7, 'iter': 80, 'avg_loss': 5.510959071877562, 'avg_acc': 50.63657407407407, 'loss': 5.729185581207275}
{'epoch': 7, 'iter': 90, 'avg_loss': 5.526850700378418, 'avg_acc': 50.34340659340659, 'loss': 4.709375858306885}
{'epoch': 7, 'iter': 100, 'avg_loss': 5.529574592514794, 'avg_acc': 50.24752475247525, 'loss': 5.429117679595947}
{'epoch': 7, 'iter': 110, 'avg_loss': 5.506335365879643, 'avg_acc': 50.05630630630631, 'loss': 5.154901027679443}
{'epoch': 7, 'iter': 120, 'avg_loss': 5.521660111167214, 'avg_acc': 50.19369834710744, 'loss': 5.6107611656188965}
{'epoch': 7, 'iter': 130, 'avg_loss': 5.5261864880569105, 'avg_acc': 50.07156488549618, 'loss': 5.997308254241943}
{'epoch': 7, 'iter': 140, 'avg_loss': 5.540042775742551, 'avg_acc': 50.21054964539007, 'loss': 5.296581745147705}
{'epoch': 7, 'iter': 150, 'avg_loss': 5.565507825636706, 'avg_acc': 50.206953642384114, 'loss': 5.575442314147949}
{'epoch': 7, 'iter': 160, 'avg_loss': 5.592536553092625, 'avg_acc': 50.43672360248447, 'loss': 5.803654193878174}
{'epoch': 7, 'iter': 170, 'avg_loss': 5.6172477683128665, 'avg_acc': 50.27412280701754, 'loss': 5.870334625244141}
{'epoch': 7, 'iter': 180, 'avg_loss': 5.636762400358421, 'avg_acc': 50.14675414364641, 'loss': 5.487362861633301}
{'epoch': 7, 'iter': 190, 'avg_loss': 5.638206561822542, 'avg_acc': 50.00818062827225, 'loss': 6.453514575958252}
{'epoch': 7, 'iter': 200, 'avg_loss': 5.638987078595517, 'avg_acc': 50.03109452736319, 'loss': 5.992363929748535}
EP7_train, avg_loss= 5.654162237120838 total_acc= 50.068786303882604
EP:7 Model Saved on: cache/bert.model.small.1.ep7
{'epoch': 8, 'iter': 0, 'avg_loss': 6.504064083099365, 'avg_acc': 60.9375, 'loss': 6.504064083099365}
{'epoch': 8, 'iter': 10, 'avg_loss': 5.516290274533358, 'avg_acc': 50.71022727272727, 'loss': 5.500126361846924}
{'epoch': 8, 'iter': 20, 'avg_loss': 5.550595714932396, 'avg_acc': 50.0, 'loss': 5.154660701751709}
{'epoch': 8, 'iter': 30, 'avg_loss': 5.537593318570044, 'avg_acc': 51.00806451612904, 'loss': 4.753696918487549}
{'epoch': 8, 'iter': 40, 'avg_loss': 5.540407355238751, 'avg_acc': 50.381097560975604, 'loss': 6.256462097167969}
{'epoch': 8, 'iter': 50, 'avg_loss': 5.492613044439578, 'avg_acc': 50.306372549019606, 'loss': 5.599038600921631}
{'epoch': 8, 'iter': 60, 'avg_loss': 5.475893137884921, 'avg_acc': 50.64036885245902, 'loss': 5.86214542388916}
{'epoch': 8, 'iter': 70, 'avg_loss': 5.470067353315756, 'avg_acc': 50.0, 'loss': 5.785553455352783}
{'epoch': 8, 'iter': 80, 'avg_loss': 5.475216471118691, 'avg_acc': 49.84567901234568, 'loss': 6.156432628631592}
{'epoch': 8, 'iter': 90, 'avg_loss': 5.506021489153851, 'avg_acc': 49.96565934065934, 'loss': 5.925568580627441}
{'epoch': 8, 'iter': 100, 'avg_loss': 5.479349537651138, 'avg_acc': 49.81435643564357, 'loss': 5.33538293838501}
{'epoch': 8, 'iter': 110, 'avg_loss': 5.505203448974334, 'avg_acc': 49.77477477477478, 'loss': 6.693037509918213}
{'epoch': 8, 'iter': 120, 'avg_loss': 5.511875140765482, 'avg_acc': 49.83212809917356, 'loss': 5.222484588623047}
{'epoch': 8, 'iter': 130, 'avg_loss': 5.529717936770607, 'avg_acc': 49.43940839694657, 'loss': 5.128249168395996}
{'epoch': 8, 'iter': 140, 'avg_loss': 5.548250529782992, 'avg_acc': 49.645390070921984, 'loss': 5.956166744232178}
{'epoch': 8, 'iter': 150, 'avg_loss': 5.556319666224599, 'avg_acc': 49.555049668874176, 'loss': 5.727318286895752}
{'epoch': 8, 'iter': 160, 'avg_loss': 5.56082306441313, 'avg_acc': 49.59239130434783, 'loss': 4.730110168457031}
{'epoch': 8, 'iter': 170, 'avg_loss': 5.55923913375676, 'avg_acc': 49.40606725146199, 'loss': 5.179121017456055}
{'epoch': 8, 'iter': 180, 'avg_loss': 5.554074258435497, 'avg_acc': 49.37845303867403, 'loss': 5.845598220825195}
{'epoch': 8, 'iter': 190, 'avg_loss': 5.558941187034727, 'avg_acc': 49.21465968586388, 'loss': 5.4017767906188965}
{'epoch': 8, 'iter': 200, 'avg_loss': 5.558111302295134, 'avg_acc': 49.12157960199005, 'loss': 6.182452201843262}
EP8_train, avg_loss= 5.572031560758265 total_acc= 49.205136044023234
EP:8 Model Saved on: cache/bert.model.small.1.ep8
{'epoch': 9, 'iter': 0, 'avg_loss': 6.536492824554443, 'avg_acc': 43.75, 'loss': 6.536492824554443}
{'epoch': 9, 'iter': 10, 'avg_loss': 5.6855691129511055, 'avg_acc': 49.85795454545455, 'loss': 5.784255504608154}
{'epoch': 9, 'iter': 20, 'avg_loss': 5.497786817096529, 'avg_acc': 48.51190476190476, 'loss': 5.533976078033447}
{'epoch': 9, 'iter': 30, 'avg_loss': 5.568775515402517, 'avg_acc': 49.09274193548387, 'loss': 5.204607963562012}
{'epoch': 9, 'iter': 40, 'avg_loss': 5.501290472542367, 'avg_acc': 48.93292682926829, 'loss': 4.98374080657959}
{'epoch': 9, 'iter': 50, 'avg_loss': 5.414813340878954, 'avg_acc': 49.57107843137255, 'loss': 4.580220699310303}
{'epoch': 9, 'iter': 60, 'avg_loss': 5.376297184678375, 'avg_acc': 48.77049180327869, 'loss': 5.5209126472473145}
{'epoch': 9, 'iter': 70, 'avg_loss': 5.398367935503033, 'avg_acc': 49.05369718309859, 'loss': 5.37467098236084}
{'epoch': 9, 'iter': 80, 'avg_loss': 5.397824193224495, 'avg_acc': 49.32484567901235, 'loss': 5.388818264007568}
{'epoch': 9, 'iter': 90, 'avg_loss': 5.412330894679814, 'avg_acc': 49.81112637362637, 'loss': 6.111223220825195}
{'epoch': 9, 'iter': 100, 'avg_loss': 5.452269048974065, 'avg_acc': 49.41212871287129, 'loss': 5.351635456085205}
{'epoch': 9, 'iter': 110, 'avg_loss': 5.437304638527535, 'avg_acc': 49.50731981981982, 'loss': 6.137664794921875}
{'epoch': 9, 'iter': 120, 'avg_loss': 5.439905446422987, 'avg_acc': 49.50929752066116, 'loss': 5.476917266845703}
{'epoch': 9, 'iter': 130, 'avg_loss': 5.4371574380015595, 'avg_acc': 49.666030534351144, 'loss': 5.048001766204834}
{'epoch': 9, 'iter': 140, 'avg_loss': 5.454644338458988, 'avg_acc': 49.80053191489361, 'loss': 5.4215497970581055}
{'epoch': 9, 'iter': 150, 'avg_loss': 5.474242314597629, 'avg_acc': 49.83443708609271, 'loss': 5.463145732879639}
{'epoch': 9, 'iter': 160, 'avg_loss': 5.491812679338159, 'avg_acc': 49.72826086956522, 'loss': 5.471175193786621}
{'epoch': 9, 'iter': 170, 'avg_loss': 5.512900556040089, 'avg_acc': 49.59795321637427, 'loss': 5.372864723205566}
{'epoch': 9, 'iter': 180, 'avg_loss': 5.502445168258077, 'avg_acc': 49.758287292817684, 'loss': 5.420497894287109}
{'epoch': 9, 'iter': 190, 'avg_loss': 5.494402585853456, 'avg_acc': 50.04090314136126, 'loss': 4.9960036277771}
{'epoch': 9, 'iter': 200, 'avg_loss': 5.513352897036728, 'avg_acc': 50.08550995024875, 'loss': 6.527313232421875}
EP9_train, avg_loss= 5.516304423169392 total_acc= 50.114643839804344
EP:9 Model Saved on: cache/bert.model.small.1.ep9
